\BOOKMARK [0][-]{chapter*.1}{\376\377\000D\000\351\000d\000i\000c\000a\000c\000e\000s}{}% 1
\BOOKMARK [0][-]{chapter*.2}{\376\377\000R\000e\000m\000e\000r\000c\000i\000e\000m\000e\000n\000t}{}% 2
\BOOKMARK [0][-]{chapter*.3}{\376\377\000R\000\351\000s\000u\000m\000\351}{}% 3
\BOOKMARK [0][-]{chapter*.4}{\376\377\000A\000b\000s\000t\000r\000a\000c\000t}{}% 4
\BOOKMARK [0][-]{chapter*.8}{\376\377\000I\000n\000t\000r\000o\000d\000u\000c\000t\000i\000o\000n\000\040\000g\000\351\000n\000\351\000r\000a\000l\000e}{}% 5
\BOOKMARK [0][-]{chapter.1}{\376\377\000C\000o\000n\000t\000e\000x\000t\000e\000\040\000g\000\351\000n\000\351\000r\000a\000l\000\040\000d\000u\000\040\000p\000r\000o\000j\000e\000t}{}% 6
\BOOKMARK [1][-]{section.1.1}{\376\377\000I\000n\000t\000r\000o\000d\000u\000c\000t\000i\000o\000n}{chapter.1}% 7
\BOOKMARK [1][-]{section.1.2}{\376\377\000P\000r\000\351\000s\000e\000n\000t\000a\000t\000i\000o\000n\000\040\000d\000e\000\040\000l\040\031\000o\000r\000g\000a\000n\000i\000s\000m\000e\000\040\000d\040\031\000a\000c\000c\000u\000e\000i\000l}{chapter.1}% 8
\BOOKMARK [2][-]{subsection.1.2.1}{\376\377\000L\000e\000\040\000g\000r\000o\000u\000p\000e\000\040\000S\000o\000c\000i\000\351\000t\000\351\000\040\000g\000\351\000n\000\351\000r\000a\000l\000e}{section.1.2}% 9
\BOOKMARK [2][-]{subsection.1.2.2}{\376\377\000S\000o\000c\000i\000\351\000t\000\351\000\040\000g\000\351\000n\000\351\000r\000a\000l\000e\000\040\000A\000f\000r\000i\000c\000a\000n\000\040\000B\000u\000s\000i\000n\000e\000s\000s\000\040\000S\000e\000r\000v\000i\000c\000e\000s}{section.1.2}% 10
\BOOKMARK [2][-]{subsection.1.2.3}{\376\377\000F\000i\000c\000h\000e\000\040\000s\000i\000g\000n\000a\000l\000\351\000t\000i\000q\000u\000e}{section.1.2}% 11
\BOOKMARK [2][-]{subsection.1.2.4}{\376\377\000O\000r\000g\000a\000n\000i\000g\000r\000a\000m\000m\000e\000\040\000d\000e\000\040\000l\000a\000\040\000S\000o\000c\000i\000\351\000t\000\351\000\040\000g\000\351\000n\000\351\000r\000a\000l\000e\000\040\000A\000B\000S}{section.1.2}% 12
\BOOKMARK [2][-]{subsection.1.2.5}{\376\377\000P\000r\000\351\000s\000e\000n\000t\000a\000t\000i\000o\000n\000\040\000d\000e\000\040\000l\000a\000\040\000D\000i\000g\000i\000t\000a\000l\000\040\000F\000a\000c\000t\000o\000r\000y}{section.1.2}% 13
\BOOKMARK [1][-]{section.1.3}{\376\377\000P\000r\000\351\000s\000e\000n\000t\000a\000t\000i\000o\000n\000\040\000d\000u\000\040\000c\000o\000n\000t\000e\000x\000t\000e\000\040\000d\000u\000\040\000p\000r\000o\000j\000e\000t\000\040}{chapter.1}% 14
\BOOKMARK [2][-]{subsection.1.3.1}{\376\377\000C\000o\000n\000t\000e\000x\000t\000e\000\040\000d\000u\000\040\000p\000r\000o\000j\000e\000t}{section.1.3}% 15
\BOOKMARK [2][-]{subsection.1.3.2}{\376\377\000P\000r\000o\000b\000l\000\351\000m\000a\000t\000i\000q\000u\000e}{section.1.3}% 16
\BOOKMARK [2][-]{subsection.1.3.3}{\376\377\000B\000e\000s\000o\000i\000n\000s\000\040\000e\000t\000\040\000o\000b\000j\000e\000c\000t\000i\000f\000s}{section.1.3}% 17
\BOOKMARK [1][-]{section.1.4}{\376\377\000C\000o\000n\000d\000u\000i\000t\000e\000\040\000d\000u\000\040\000p\000r\000o\000j\000e\000t}{chapter.1}% 18
\BOOKMARK [2][-]{subsection.1.4.1}{\376\377\000M\000\351\000t\000h\000o\000d\000o\000l\000o\000g\000i\000e\000\040\000d\000e\000\040\000t\000r\000a\000v\000a\000i\000l\000\040\000:\000\040\000S\000C\000R\000U\000M}{section.1.4}% 19
\BOOKMARK [2][-]{subsection.1.4.2}{\376\377\000C\000y\000c\000l\000e\000\040\000d\000e\000\040\000v\000i\000e\000\040\000d\000u\000\040\000p\000r\000o\000j\000e\000t}{section.1.4}% 20
\BOOKMARK [2][-]{subsection.1.4.3}{\376\377\000P\000l\000a\000n\000i\000f\000i\000c\000a\000t\000i\000o\000n\000\040\000d\000u\000\040\000p\000r\000o\000j\000e\000t}{section.1.4}% 21
\BOOKMARK [2][-]{subsection.1.4.4}{\376\377\000O\000u\000t\000i\000l\000s\000\040\000d\000e\000\040\000g\000e\000s\000t\000i\000o\000n\000\040\000d\000e\000\040\000p\000r\000o\000j\000e\000t}{section.1.4}% 22
\BOOKMARK [1][-]{section.1.5}{\376\377\000C\000o\000n\000c\000l\000u\000s\000i\000o\000n}{chapter.1}% 23
\BOOKMARK [0][-]{chapter.2}{\376\377\000\311\000t\000u\000d\000e\000\040\000d\000\351\000t\000a\000i\000l\000l\000\351\000e\000\040\000d\000u\000\040\000p\000r\000o\000j\000e\000t}{}% 24
\BOOKMARK [1][-]{section.2.1}{\376\377\000I\000n\000t\000r\000o\000d\000u\000c\000t\000i\000o\000n}{chapter.2}% 25
\BOOKMARK [1][-]{section.2.2}{\376\377\000A\000n\000a\000l\000y\000s\000e\000\040\000d\000e\000\040\000l\000'\000e\000x\000i\000s\000t\000a\000n\000t}{chapter.2}% 26
\BOOKMARK [2][-]{subsection.2.2.1}{\376\377\000\311\000t\000u\000d\000e\000\040\000d\000e\000\040\000l\000'\000e\000x\000i\000s\000t\000a\000n\000t}{section.2.2}% 27
\BOOKMARK [2][-]{subsection.2.2.2}{\376\377\000L\000i\000m\000i\000t\000a\000t\000i\000o\000n\000s\000\040\000d\000e\000\040\000l\000'\000e\000x\000i\000s\000t\000a\000n\000t}{section.2.2}% 28
\BOOKMARK [1][-]{section.2.3}{\376\377\000A\000n\000a\000l\000y\000s\000e\000\040\000e\000t\000\040\000i\000d\000e\000n\000t\000i\000f\000i\000c\000a\000t\000i\000o\000n\000\040\000d\000e\000s\000\040\000b\000e\000s\000o\000i\000n\000s}{chapter.2}% 29
\BOOKMARK [2][-]{subsection.2.3.1}{\376\377\000B\000e\000s\000o\000i\000n\000s\000\040\000f\000o\000n\000c\000t\000i\000o\000n\000n\000e\000l\000s}{section.2.3}% 30
\BOOKMARK [2][-]{subsection.2.3.2}{\376\377\000B\000e\000s\000o\000i\000n\000s\000\040\000n\000o\000n\000\040\000f\000o\000n\000c\000t\000i\000o\000n\000n\000e\000l\000s}{section.2.3}% 31
\BOOKMARK [1][-]{section.2.4}{\376\377\000D\000i\000a\000g\000r\000a\000m\000m\000e\000\040\000d\000e\000\040\000c\000a\000s\000\040\000d\000'\000u\000t\000i\000l\000i\000s\000a\000t\000i\000o\000n}{chapter.2}% 32
\BOOKMARK [1][-]{section.2.5}{\376\377\000C\000o\000n\000c\000l\000u\000s\000i\000o\000n}{chapter.2}% 33
\BOOKMARK [0][-]{chapter.3}{\376\377\000C\000o\000n\000c\000e\000p\000t\000i\000o\000n\000\040\000d\000\351\000t\000a\000i\000l\000l\000\351\000e\000\040\000d\000u\000\040\000s\000y\000s\000t\000\350\000m\000e}{}% 34
\BOOKMARK [1][-]{section.3.1}{\376\377\000I\000n\000t\000r\000o\000d\000u\000c\000t\000i\000o\000n}{chapter.3}% 35
\BOOKMARK [1][-]{section.3.2}{\376\377\000A\000r\000c\000h\000i\000t\000e\000c\000t\000u\000r\000e\000\040\000l\000o\000g\000i\000q\000u\000e\000\040\000d\000'\000U\000N\000I\000B\000A\000N\000K}{chapter.3}% 36
\BOOKMARK [1][-]{section.3.3}{\376\377\000A\000r\000c\000h\000i\000t\000e\000c\000t\000u\000r\000e\000\040\000t\000e\000c\000h\000n\000i\000q\000u\000e\000\040\000d\000'\000U\000N\000I\000B\000A\000N\000K}{chapter.3}% 37
\BOOKMARK [1][-]{section.3.4}{\376\377\000T\000e\000c\000h\000n\000i\000q\000u\000e\000\040\000d\000'\000A\000u\000t\000h\000e\000n\000t\000i\000f\000i\000c\000a\000t\000i\000o\000n\000/\000A\000u\000t\000h\000o\000r\000i\000s\000a\000t\000i\000o\000n}{chapter.3}% 38
\BOOKMARK [1][-]{section.3.5}{\376\377\000C\000o\000n\000n\000e\000c\000t\000e\000u\000r\000s\000\040\000e\000x\000t\000e\000r\000n\000e\000s}{chapter.3}% 39
\BOOKMARK [1][-]{section.3.6}{\376\377\000A\000r\000c\000h\000i\000t\000e\000c\000t\000u\000r\000e\000\040\000M\000o\000n\000o\000r\000e\000p\000o\000\040\000d\000e\000\040\000l\000a\000\040\000p\000a\000r\000t\000i\000e\000\040\000F\000r\000o\000n\000t\000-\000e\000n\000d}{chapter.3}% 40
\BOOKMARK [1][-]{section.3.7}{\376\377\000A\000p\000p\000r\000o\000c\000h\000e\000\040\000M\000u\000l\000t\000i\000t\000e\000n\000a\000n\000t}{chapter.3}% 41
\BOOKMARK [1][-]{section.3.8}{\376\377\000F\000e\000a\000t\000u\000r\000e\000\040\000F\000l\000a\000g\000g\000i\000n\000g}{chapter.3}% 42
\BOOKMARK [1][-]{section.3.9}{\376\377\000D\000i\000a\000g\000r\000a\000m\000m\000e\000\040\000d\000e\000\040\000c\000l\000a\000s\000s\000e\000s}{chapter.3}% 43
\BOOKMARK [1][-]{section.3.10}{\376\377\000D\000i\000a\000g\000r\000a\000m\000m\000e\000s\000\040\000d\000e\000\040\000s\000\351\000q\000u\000e\000n\000c\000e\000s}{chapter.3}% 44
\BOOKMARK [2][-]{subsection.3.10.1}{\376\377\000S\000c\000\351\000n\000a\000r\000i\000o\000\040\000d\000e\000\040\000c\000o\000n\000s\000u\000l\000t\000a\000t\000i\000o\000n\000\040\000d\000e\000s\000\040\000c\000a\000r\000t\000e\000s}{section.3.10}% 45
\BOOKMARK [2][-]{subsection.3.10.2}{\376\377\000S\000c\000\351\000n\000a\000r\000i\000o\000\040\000d\000e\000\040\000c\000o\000n\000s\000u\000l\000t\000a\000t\000i\000o\000n\000\040\000d\000e\000s\000\040\000p\000r\000o\000d\000u\000i\000t\000s}{section.3.10}% 46
\BOOKMARK [2][-]{subsection.3.10.3}{\376\377\000S\000c\000\351\000n\000a\000r\000i\000o\000\040\000d\000e\000\040\000s\000o\000u\000s\000c\000r\000i\000p\000t\000i\000o\000n\000\040\000\340\000\040\000u\000n\000\040\000p\000r\000o\000d\000u\000i\000t}{section.3.10}% 47
\BOOKMARK [1][-]{section.3.11}{\376\377\000C\000o\000n\000c\000l\000u\000s\000i\000o\000n}{chapter.3}% 48
\BOOKMARK [0][-]{chapter.4}{\376\377\000R\000\351\000a\000l\000i\000s\000a\000t\000i\000o\000n\000\040\000e\000t\000\040\000m\000i\000s\000e\000\040\000e\000n\000\040\000o\000e\000u\000v\000r\000e}{}% 49
\BOOKMARK [1][-]{section.4.1}{\376\377\000I\000n\000t\000r\000o\000d\000u\000c\000t\000i\000o\000n}{chapter.4}% 50
\BOOKMARK [1][-]{section.4.2}{\376\377\000O\000u\000t\000i\000l\000s\000\040\000e\000t\000\040\000t\000e\000c\000h\000n\000o\000l\000o\000g\000i\000e\000s}{chapter.4}% 51
\BOOKMARK [2][-]{subsection.4.2.1}{\376\377\000O\000u\000t\000i\000l\000s\000\040\000d\000e\000\040\000C\000o\000n\000c\000e\000p\000t\000i\000o\000n}{section.4.2}% 52
\BOOKMARK [2][-]{subsection.4.2.2}{\376\377\000O\000u\000t\000i\000l\000s\000\040\000d\000e\000\040\000D\000\351\000v\000e\000l\000o\000p\000p\000e\000m\000e\000n\000t\000\040}{section.4.2}% 53
\BOOKMARK [2][-]{subsection.4.2.3}{\376\377\000O\000u\000t\000i\000l\000s\000\040\000d\000e\000\040\000d\000o\000c\000u\000m\000e\000n\000t\000a\000t\000i\000o\000n}{section.4.2}% 54
\BOOKMARK [2][-]{subsection.4.2.4}{\376\377\000O\000u\000t\000i\000l\000s\000\040\000d\000e\000\040\000T\000e\000s\000t}{section.4.2}% 55
\BOOKMARK [2][-]{subsection.4.2.5}{\376\377\000O\000u\000t\000i\000l\000s\000\040\000d\000e\000\040\000G\000e\000s\000t\000i\000o\000n\000\040\000d\000e\000\040\000V\000e\000r\000s\000i\000o\000n}{section.4.2}% 56
\BOOKMARK [2][-]{subsection.4.2.6}{\376\377\000O\000u\000t\000i\000l\000s\000\040\000d\000e\000\040\000D\000e\000v\000O\000p\000s}{section.4.2}% 57
\BOOKMARK [2][-]{subsection.4.2.7}{\376\377\000O\000u\000t\000i\000l\000s\000\040\000d\000e\000\040\000R\000o\000u\000t\000a\000g\000e}{section.4.2}% 58
\BOOKMARK [2][-]{subsection.4.2.8}{\376\377\000O\000u\000t\000i\000l\000s\000\040\000d\000e\000\040\000M\000o\000n\000i\000t\000o\000r\000i\000n\000g}{section.4.2}% 59
\BOOKMARK [1][-]{section.4.3}{\376\377\000I\000n\000t\000e\000r\000f\000a\000c\000e\000s}{chapter.4}% 60
\BOOKMARK [2][-]{subsection.4.3.1}{\376\377\000A\000c\000c\000u\000e\000i\000l}{section.4.3}% 61
\BOOKMARK [2][-]{subsection.4.3.2}{\376\377\000C\000h\000a\000n\000g\000e\000m\000e\000n\000t\000\040\000d\000e\000\040\000l\000a\000n\000g\000u\000e}{section.4.3}% 62
\BOOKMARK [2][-]{subsection.4.3.3}{\376\377\000M\000e\000s\000\040\000C\000a\000r\000t\000e\000s}{section.4.3}% 63
\BOOKMARK [2][-]{subsection.4.3.4}{\376\377\000P\000l\000a\000f\000o\000n\000d\000s\000\040\000d\000e\000s\000\040\000c\000a\000r\000t\000e\000s}{section.4.3}% 64
\BOOKMARK [2][-]{subsection.4.3.5}{\376\377\000M\000e\000s\000\040\000P\000r\000o\000d\000u\000i\000t\000s}{section.4.3}% 65
\BOOKMARK [2][-]{subsection.4.3.6}{\376\377\000T\000\351\000l\000\351\000c\000h\000a\000r\000g\000e\000m\000e\000n\000t\000\040\000d\000u\000\040\000r\000\351\000c\000a\000p\000i\000t\000u\000l\000a\000t\000i\000f}{section.4.3}% 66
\BOOKMARK [1][-]{section.4.4}{\376\377\000E\000n\000v\000i\000r\000o\000n\000n\000e\000m\000e\000n\000t\000s\000\040\000d\000e\000\040\000d\000\351\000p\000l\000o\000i\000e\000m\000e\000n\000t}{chapter.4}% 67
\BOOKMARK [1][-]{section.4.5}{\376\377\000Q\000u\000a\000l\000i\000f\000i\000c\000a\000t\000i\000o\000n}{chapter.4}% 68
\BOOKMARK [2][-]{subsection.4.5.1}{\376\377\000T\000e\000s\000t\000s\000\040\000e\000n\000d\000\040\000t\000o\000\040\000e\000n\000d}{section.4.5}% 69
\BOOKMARK [2][-]{subsection.4.5.2}{\376\377\000T\000e\000s\000t\000s\000\040\000f\000o\000n\000c\000t\000i\000o\000n\000n\000e\000l\000s}{section.4.5}% 70
\BOOKMARK [2][-]{subsection.4.5.3}{\376\377\000T\000e\000s\000t\000s\000\040\000d\000e\000\040\000n\000o\000n\000\040\000r\000e\000g\000r\000e\000s\000s\000i\000o\000n}{section.4.5}% 71
\BOOKMARK [1][-]{section.4.6}{\376\377\000P\000e\000r\000s\000p\000e\000c\000t\000i\000v\000e\000s}{chapter.4}% 72
\BOOKMARK [1][-]{section.4.7}{\376\377\000C\000o\000n\000c\000l\000u\000s\000i\000o\000n}{chapter.4}% 73
\BOOKMARK [0][-]{section.4.7}{\376\377\000C\000o\000n\000c\000l\000u\000s\000i\000o\000n\000\040\000g\000\351\000n\000\351\000r\000a\000l\000e}{}% 74
