This is pdfTeX, Version 3.141592653-2.6-1.40.25 (MiKTeX 23.4) (preloaded format=pdflatex 2023.4.26)  13 JUL 2023 12:27
entering extended mode
 restricted \write18 enabled.
 file:line:error style messages enabled.
 %&-line parsing enabled.
**"e:/GitHub/stage 3A PFE SGABS/main.tex"
(e:/GitHub/stage 3A PFE SGABS/main.tex
LaTeX2e <2022-11-01> patch level 1
L3 programming layer <2023-03-30> (C:\Users\hp\AppData\Local\Programs\MiKTeX\tex/latex/base\report.cls
Document Class: report 2022/07/02 v1.4n Standard LaTeX document class
(C:\Users\hp\AppData\Local\Programs\MiKTeX\tex/latex/base\size12.clo
File: size12.clo 2022/07/02 v1.4n Standard LaTeX file (size option)
)
\c@part=\count185
\c@chapter=\count186
\c@section=\count187
\c@subsection=\count188
\c@subsubsection=\count189
\c@paragraph=\count190
\c@subparagraph=\count191
\c@figure=\count192
\c@table=\count193
\abovecaptionskip=\skip48
\belowcaptionskip=\skip49
\bibindent=\dimen140
) (C:\Users\hp\AppData\Local\Programs\MiKTeX\tex/latex/base\inputenc.sty
Package: inputenc 2021/02/14 v1.3d Input encoding file
\inpenc@prehook=\toks16
\inpenc@posthook=\toks17
) (C:\Users\hp\AppData\Local\Programs\MiKTeX\tex/latex/base\fontenc.sty
Package: fontenc 2021/04/29 v2.0v Standard LaTeX package
) (C:\Users\hp\AppData\Local\Programs\MiKTeX\tex/latex/amsmath\amsmath.sty
Package: amsmath 2022/04/08 v2.17n AMS math features
\@mathmargin=\skip50

For additional information on amsmath, use the `?' option.
(C:\Users\hp\AppData\Local\Programs\MiKTeX\tex/latex/amsmath\amstext.sty
Package: amstext 2021/08/26 v2.01 AMS text
 (C:\Users\hp\AppData\Local\Programs\MiKTeX\tex/latex/amsmath\amsgen.sty
File: amsgen.sty 1999/11/30 v2.0 generic functions
\@emptytoks=\toks18
\ex@=\dimen141
)) (C:\Users\hp\AppData\Local\Programs\MiKTeX\tex/latex/amsmath\amsbsy.sty
Package: amsbsy 1999/11/29 v1.2d Bold Symbols
\pmbraise@=\dimen142
) (C:\Users\hp\AppData\Local\Programs\MiKTeX\tex/latex/amsmath\amsopn.sty
Package: amsopn 2022/04/08 v2.04 operator names
)
\inf@bad=\count194
LaTeX Info: Redefining \frac on input line 234.
\uproot@=\count195
\leftroot@=\count196
LaTeX Info: Redefining \overline on input line 399.
LaTeX Info: Redefining \colon on input line 410.
\classnum@=\count197
\DOTSCASE@=\count198
LaTeX Info: Redefining \ldots on input line 496.
LaTeX Info: Redefining \dots on input line 499.
LaTeX Info: Redefining \cdots on input line 620.
\Mathstrutbox@=\box51
\strutbox@=\box52
LaTeX Info: Redefining \big on input line 722.
LaTeX Info: Redefining \Big on input line 723.
LaTeX Info: Redefining \bigg on input line 724.
LaTeX Info: Redefining \Bigg on input line 725.
\big@size=\dimen143
LaTeX Font Info:    Redeclaring font encoding OML on input line 743.
LaTeX Font Info:    Redeclaring font encoding OMS on input line 744.
\macc@depth=\count199
LaTeX Info: Redefining \bmod on input line 905.
LaTeX Info: Redefining \pmod on input line 910.
LaTeX Info: Redefining \smash on input line 940.
LaTeX Info: Redefining \relbar on input line 970.
LaTeX Info: Redefining \Relbar on input line 971.
\c@MaxMatrixCols=\count266
\dotsspace@=\muskip16
\c@parentequation=\count267
\dspbrk@lvl=\count268
\tag@help=\toks19
\row@=\count269
\column@=\count270
\maxfields@=\count271
\andhelp@=\toks20
\eqnshift@=\dimen144
\alignsep@=\dimen145
\tagshift@=\dimen146
\tagwidth@=\dimen147
\totwidth@=\dimen148
\lineht@=\dimen149
\@envbody=\toks21
\multlinegap=\skip51
\multlinetaggap=\skip52
\mathdisplay@stack=\toks22
LaTeX Info: Redefining \[ on input line 2953.
LaTeX Info: Redefining \] on input line 2954.
) (C:\Users\hp\AppData\Local\Programs\MiKTeX\tex/latex/amsfonts\amsfonts.sty
Package: amsfonts 2013/01/14 v3.01 Basic AMSFonts support
\symAMSa=\mathgroup4
\symAMSb=\mathgroup5
LaTeX Font Info:    Redeclaring math symbol \hbar on input line 98.
LaTeX Font Info:    Overwriting math alphabet `\mathfrak' in version `bold'
(Font)                  U/euf/m/n --> U/euf/b/n on input line 106.
) (C:\Users\hp\AppData\Local\Programs\MiKTeX\tex/latex/amsfonts\amssymb.sty
Package: amssymb 2013/01/14 v3.01 AMS font symbols
) (C:\Users\hp\AppData\Local\Programs\MiKTeX\tex/latex/geometry\geometry.sty
Package: geometry 2020/01/02 v5.9 Page Geometry
 (C:\Users\hp\AppData\Local\Programs\MiKTeX\tex/latex/graphics\keyval.sty
Package: keyval 2022/05/29 v1.15 key=value parser (DPC)
\KV@toks@=\toks23
) (C:\Users\hp\AppData\Local\Programs\MiKTeX\tex/generic/iftex\ifvtex.sty
Package: ifvtex 2019/10/25 v1.7 ifvtex legacy package. Use iftex instead.
 (C:\Users\hp\AppData\Local\Programs\MiKTeX\tex/generic/iftex\iftex.sty
Package: iftex 2022/02/03 v1.0f TeX engine tests
))
\Gm@cnth=\count272
\Gm@cntv=\count273
\c@Gm@tempcnt=\count274
\Gm@bindingoffset=\dimen150
\Gm@wd@mp=\dimen151
\Gm@odd@mp=\dimen152
\Gm@even@mp=\dimen153
\Gm@layoutwidth=\dimen154
\Gm@layoutheight=\dimen155
\Gm@layouthoffset=\dimen156
\Gm@layoutvoffset=\dimen157
\Gm@dimlist=\toks24
 (C:\Users\hp\AppData\Local\Programs\MiKTeX\tex/latex/geometry\geometry.cfg)) (C:\Users\hp\AppData\Local\Programs\MiKTeX\tex/latex/tree-dvips\lingmacros.sty
\c@enums=\count275
\widelabel=\dimen158
\c@tempcnt=\count276
\c@enumsi=\count277
\eeindent=\dimen159
) (C:\Users\hp\AppData\Local\Programs\MiKTeX\tex/latex/tree-dvips\tree-dvips.sty
tree-dvips version .91 of May 16, 1995
\nodemargin=\dimen160
\treelinewidth=\dimen161
\dashlength=\dimen162
\arrowwidth=\dimen163
\arrowlength=\dimen164
\arrowinset=\dimen165
\pos@t=\toks25
\pos@b=\toks26
\pos@l=\toks27
\pos@r=\toks28
\pos@tl=\toks29
\pos@tr=\toks30
\pos@bl=\toks31
\pos@br=\toks32
\@arrow=\count278
\@tempdimc=\dimen166
) (C:\Users\hp\AppData\Local\Programs\MiKTeX\tex/latex/caption\caption.sty
Package: caption 2023/03/12 v3.6j Customizing captions (AR)
 (C:\Users\hp\AppData\Local\Programs\MiKTeX\tex/latex/caption\caption3.sty
Package: caption3 2023/03/12 v2.4 caption3 kernel (AR)
\caption@tempdima=\dimen167
\captionmargin=\dimen168
\caption@leftmargin=\dimen169
\caption@rightmargin=\dimen170
\caption@width=\dimen171
\caption@indent=\dimen172
\caption@parindent=\dimen173
\caption@hangindent=\dimen174
Package caption Info: Standard document class detected.
)
\c@caption@flags=\count279
\c@continuedfloat=\count280
) (C:\Users\hp\AppData\Local\Programs\MiKTeX\tex/latex/amscls\amsthm.sty
Package: amsthm 2020/05/29 v2.20.6
\thm@style=\toks33
\thm@bodyfont=\toks34
\thm@headfont=\toks35
\thm@notefont=\toks36
\thm@headpunct=\toks37
\thm@preskip=\skip53
\thm@postskip=\skip54
\thm@headsep=\skip55
\dth@everypar=\toks38
) (C:\Users\hp\AppData\Local\Programs\MiKTeX\tex/latex/stmaryrd\stmaryrd.sty
Package: stmaryrd 1994/03/03 St Mary's Road symbol package
\symstmry=\mathgroup6
LaTeX Font Info:    Overwriting symbol font `stmry' in version `bold'
(Font)                  U/stmry/m/n --> U/stmry/b/n on input line 89.
) (C:\Users\hp\AppData\Local\Programs\MiKTeX\tex/latex/fancyhdr\fancyhdr.sty
Package: fancyhdr 2022/11/09 v4.1 Extensive control of page headers and footers
\f@nch@headwidth=\skip56
\f@nch@O@elh=\skip57
\f@nch@O@erh=\skip58
\f@nch@O@olh=\skip59
\f@nch@O@orh=\skip60
\f@nch@O@elf=\skip61
\f@nch@O@erf=\skip62
\f@nch@O@olf=\skip63
\f@nch@O@orf=\skip64
) (C:\Users\hp\AppData\Local\Programs\MiKTeX\tex/latex/boxedminipage\boxedminipage.sty
Package: boxedminipage 2020/04/19 v1.1 Boxed LaTeX2e minipages
\bmp@box=\box53
\bmp@width=\skip65
\bmp@height=\skip66
) (C:\Users\hp\AppData\Local\Programs\MiKTeX\tex/generic/babel\babel.sty
Package: babel 2023/03/28 3.87 The Babel package
\babel@savecnt=\count281
\U@D=\dimen175
\l@unhyphenated=\language79
 (C:\Users\hp\AppData\Local\Programs\MiKTeX\tex/generic/babel\txtbabel.def)
\bbl@readstream=\read2
\bbl@dirlevel=\count282

*************************************
* Local config file bblopts.cfg used
*
(C:\Users\hp\AppData\Local\Programs\MiKTeX\tex/latex/arabi\bblopts.cfg
File: bblopts.cfg 2005/09/08 v0.1 add Arabic and Farsi to "declared" options of babel
) (C:\Users\hp\AppData\Local\Programs\MiKTeX\tex/generic/babel-french\french.ldf
Language: french 2023/03/08 v3.5q French support from the babel system
Package babel Info: Hyphen rules for 'acadian' set to \l@french
(babel)             (\language22). Reported on input line 91.
Package babel Info: Hyphen rules for 'canadien' set to \l@french
(babel)             (\language22). Reported on input line 92.
\FB@nonchar=\count283
Package babel Info: Making : an active character on input line 395.
Package babel Info: Making ; an active character on input line 396.
Package babel Info: Making ! an active character on input line 397.
Package babel Info: Making ? an active character on input line 398.
\FBguill@level=\count284
\FBold@everypar=\toks39
\FB@Mht=\dimen176
\mc@charclass=\count285
\mc@charfam=\count286
\mc@charslot=\count287
\std@mcc=\count288
\dec@mcc=\count289
\FB@parskip=\dimen177
\listindentFB=\dimen178
\descindentFB=\dimen179
\labelindentFB=\dimen180
\labelwidthFB=\dimen181
\leftmarginFB=\dimen182
\parindentFFN=\dimen183
\FBfnindent=\dimen184
)) (C:\Users\hp\AppData\Local\Programs\MiKTeX\tex/generic/babel/locale/fr\babel-french.tex
Package babel Info: Importing font and identification data for french
(babel)             from babel-fr.ini. Reported on input line 11.
) (C:\Users\hp\AppData\Local\Programs\MiKTeX\tex/latex/carlisle\scalefnt.sty) (C:\Users\hp\AppData\Local\Programs\MiKTeX\tex/latex/graphics\graphicx.sty
Package: graphicx 2021/09/16 v1.2d Enhanced LaTeX Graphics (DPC,SPQR)
 (C:\Users\hp\AppData\Local\Programs\MiKTeX\tex/latex/graphics\graphics.sty
Package: graphics 2022/03/10 v1.4e Standard LaTeX Graphics (DPC,SPQR)
 (C:\Users\hp\AppData\Local\Programs\MiKTeX\tex/latex/graphics\trig.sty
Package: trig 2021/08/11 v1.11 sin cos tan (DPC)
) (C:\Users\hp\AppData\Local\Programs\MiKTeX\tex/latex/graphics-cfg\graphics.cfg
File: graphics.cfg 2016/06/04 v1.11 sample graphics configuration
)
Package graphics Info: Driver file: pdftex.def on input line 107.
 (C:\Users\hp\AppData\Local\Programs\MiKTeX\tex/latex/graphics-def\pdftex.def
File: pdftex.def 2022/09/22 v1.2b Graphics/color driver for pdftex
))
\Gin@req@height=\dimen185
\Gin@req@width=\dimen186
) (C:\Users\hp\AppData\Local\Programs\MiKTeX\tex/latex/titlesec\titlesec.sty
Package: titlesec 2021/07/05 v2.14 Sectioning titles
\ttl@box=\box54
\beforetitleunit=\skip67
\aftertitleunit=\skip68
\ttl@plus=\dimen187
\ttl@minus=\dimen188
\ttl@toksa=\toks40
\titlewidth=\dimen189
\titlewidthlast=\dimen190
\titlewidthfirst=\dimen191
) (C:\Users\hp\AppData\Local\Programs\MiKTeX\tex/latex/lm\lmodern.sty
Package: lmodern 2015/05/01 v1.6.1 Latin Modern Fonts
LaTeX Font Info:    Overwriting symbol font `operators' in version `normal'
(Font)                  OT1/cmr/m/n --> OT1/lmr/m/n on input line 22.
LaTeX Font Info:    Overwriting symbol font `letters' in version `normal'
(Font)                  OML/cmm/m/it --> OML/lmm/m/it on input line 23.
LaTeX Font Info:    Overwriting symbol font `symbols' in version `normal'
(Font)                  OMS/cmsy/m/n --> OMS/lmsy/m/n on input line 24.
LaTeX Font Info:    Overwriting symbol font `largesymbols' in version `normal'
(Font)                  OMX/cmex/m/n --> OMX/lmex/m/n on input line 25.
LaTeX Font Info:    Overwriting symbol font `operators' in version `bold'
(Font)                  OT1/cmr/bx/n --> OT1/lmr/bx/n on input line 26.
LaTeX Font Info:    Overwriting symbol font `letters' in version `bold'
(Font)                  OML/cmm/b/it --> OML/lmm/b/it on input line 27.
LaTeX Font Info:    Overwriting symbol font `symbols' in version `bold'
(Font)                  OMS/cmsy/b/n --> OMS/lmsy/b/n on input line 28.
LaTeX Font Info:    Overwriting symbol font `largesymbols' in version `bold'
(Font)                  OMX/cmex/m/n --> OMX/lmex/m/n on input line 29.
LaTeX Font Info:    Overwriting math alphabet `\mathbf' in version `normal'
(Font)                  OT1/cmr/bx/n --> OT1/lmr/bx/n on input line 31.
LaTeX Font Info:    Overwriting math alphabet `\mathsf' in version `normal'
(Font)                  OT1/cmss/m/n --> OT1/lmss/m/n on input line 32.
LaTeX Font Info:    Overwriting math alphabet `\mathit' in version `normal'
(Font)                  OT1/cmr/m/it --> OT1/lmr/m/it on input line 33.
LaTeX Font Info:    Overwriting math alphabet `\mathtt' in version `normal'
(Font)                  OT1/cmtt/m/n --> OT1/lmtt/m/n on input line 34.
LaTeX Font Info:    Overwriting math alphabet `\mathbf' in version `bold'
(Font)                  OT1/cmr/bx/n --> OT1/lmr/bx/n on input line 35.
LaTeX Font Info:    Overwriting math alphabet `\mathsf' in version `bold'
(Font)                  OT1/cmss/bx/n --> OT1/lmss/bx/n on input line 36.
LaTeX Font Info:    Overwriting math alphabet `\mathit' in version `bold'
(Font)                  OT1/cmr/bx/it --> OT1/lmr/bx/it on input line 37.
LaTeX Font Info:    Overwriting math alphabet `\mathtt' in version `bold'
(Font)                  OT1/cmtt/m/n --> OT1/lmtt/m/n on input line 38.
) (C:\Users\hp\AppData\Local\Programs\MiKTeX\tex/latex/lipsum\lipsum.sty (C:\Users\hp\AppData\Local\Programs\MiKTeX\tex/latex/l3packages/l3keys2e\l3keys2e.sty (C:\Users\hp\AppData\Local\Programs\MiKTeX\tex/latex/l3kernel\expl3.sty
Package: expl3 2023-03-30 L3 programming layer (loader) 
 (C:\Users\hp\AppData\Local\Programs\MiKTeX\tex/latex/l3backend\l3backend-pdftex.def
File: l3backend-pdftex.def 2023-03-30 L3 backend support: PDF output (pdfTeX)
\l__color_backend_stack_int=\count290
\l__pdf_internal_box=\box55
))
Package: l3keys2e 2023-02-02 LaTeX2e option processing using LaTeX3 keys
)
Package: lipsum 2021-09-20 v2.7 150 paragraphs of Lorem Ipsum dummy text
\g__lipsum_par_int=\count291
\l__lipsum_a_int=\count292
\l__lipsum_b_int=\count293
 (C:\Users\hp\AppData\Local\Programs\MiKTeX\tex/latex/lipsum\lipsum.ltd.tex)) (C:\Users\hp\AppData\Local\Programs\MiKTeX\tex/latex/shadow\shadow.sty
Package: shadow 2003/02/19 v1.3 shadow boxes (M.O.)
\txtwdth=\dimen192
\sht=\dimen193
\shw=\dimen194
\shbox=\box56
\sboxsep=\dimen195
\sboxrule=\dimen196
\sdim=\dimen197
) (C:\Users\hp\AppData\Local\Programs\MiKTeX\tex/latex/graphics\color.sty
Package: color 2022/01/06 v1.3d Standard LaTeX Color (DPC)
 (C:\Users\hp\AppData\Local\Programs\MiKTeX\tex/latex/graphics-cfg\color.cfg
File: color.cfg 2016/01/02 v1.6 sample color configuration
)
Package color Info: Driver file: pdftex.def on input line 149.
 (C:\Users\hp\AppData\Local\Programs\MiKTeX\tex/latex/graphics\mathcolor.ltx)) (C:\Users\hp\AppData\Local\Programs\MiKTeX\tex/latex/wrapfig\wrapfig.sty
\wrapoverhang=\dimen198
\WF@size=\dimen199
\c@WF@wrappedlines=\count294
\WF@box=\box57
\WF@everypar=\toks41
Package: wrapfig 2003/01/31  v 3.6
) (C:\Users\hp\AppData\Local\Programs\MiKTeX\tex/latex/eurosym\eurosym.sty
Package: eurosym 1998/08/06 v1.1 European currency symbol ``Euro''
\@eurobox=\box58
) (C:\Users\hp\AppData\Local\Programs\MiKTeX\tex/latex/base\fontenc.sty
Package: fontenc 2021/04/29 v2.0v Standard LaTeX package
LaTeX Font Info:    Trying to load font information for T1+lmr on input line 112.
 (C:\Users\hp\AppData\Local\Programs\MiKTeX\tex/latex/lm\t1lmr.fd
File: t1lmr.fd 2015/05/01 v1.6.1 Font defs for Latin Modern
)) (C:\Users\hp\AppData\Local\Programs\MiKTeX\tex/latex/frcursive\frcursive.sty
Package: frcursive 2004/02/01 v1.2 support package for French Cursive
\seyesThickness=\skip69
\seyes@box=\box59
\seyes@ln=\skip70
) (C:\Users\hp\AppData\Local\Programs\MiKTeX\tex/latex/fncychap\fncychap.sty
Package: fncychap 2007/07/30 v1.34 LaTeX package (Revised chapters)
\RW=\skip71
\mylen=\skip72
\myhi=\skip73
\px=\skip74
\py=\skip75
\pyy=\skip76
\pxx=\skip77
\backskip=\skip78
) (C:\Users\hp\AppData\Local\Programs\MiKTeX\tex/latex/xcolor\xcolor.sty
Package: xcolor 2022/06/12 v2.14 LaTeX color extensions (UK)
 (C:\Users\hp\AppData\Local\Programs\MiKTeX\tex/latex/graphics-cfg\color.cfg
File: color.cfg 2016/01/02 v1.6 sample color configuration
)
Package xcolor Info: Driver file: pdftex.def on input line 227.
 (C:\Users\hp\AppData\Local\Programs\MiKTeX\tex/latex/colortbl\colortbl.sty
Package: colortbl 2022/06/20 v1.0f Color table columns (DPC)
 (C:\Users\hp\AppData\Local\Programs\MiKTeX\tex/latex/tools\array.sty
Package: array 2022/09/04 v2.5g Tabular extension package (FMi)
\col@sep=\dimen256
\ar@mcellbox=\box60
\extrarowheight=\dimen257
\NC@list=\toks42
\extratabsurround=\skip79
\backup@length=\skip80
\ar@cellbox=\box61
)
\everycr=\toks43
\minrowclearance=\skip81
\rownum=\count295
)
LaTeX Info: Redefining \color on input line 711.
 (C:\Users\hp\AppData\Local\Programs\MiKTeX\tex/latex/graphics\mathcolor.ltx)
Package xcolor Info: Model `cmy' substituted by `cmy0' on input line 1353.
Package xcolor Info: Model `hsb' substituted by `rgb' on input line 1357.
Package xcolor Info: Model `RGB' extended on input line 1369.
Package xcolor Info: Model `HTML' substituted by `rgb' on input line 1371.
Package xcolor Info: Model `Hsb' substituted by `hsb' on input line 1372.
Package xcolor Info: Model `tHsb' substituted by `hsb' on input line 1373.
Package xcolor Info: Model `HSB' substituted by `hsb' on input line 1374.
Package xcolor Info: Model `Gray' substituted by `gray' on input line 1375.
Package xcolor Info: Model `wave' substituted by `hsb' on input line 1376.
 (C:\Users\hp\AppData\Local\Programs\MiKTeX\tex/latex/graphics\dvipsnam.def
File: dvipsnam.def 2016/06/17 v3.0m Driver-dependent file (DPC,SPQR)
) (C:\Users\hp\AppData\Local\Programs\MiKTeX\tex/latex/xcolor\svgnam.def
File: svgnam.def 2022/06/12 v2.14 Predefined colors according to SVG 1.1 (UK)
) (C:\Users\hp\AppData\Local\Programs\MiKTeX\tex/latex/xcolor\x11nam.def
File: x11nam.def 2022/06/12 v2.14 Predefined colors according to Unix/X11 (UK)
)) (C:\Users\hp\AppData\Local\Programs\MiKTeX\tex/latex/hyperref\hyperref.sty
Package: hyperref 2023-02-07 v7.00v Hypertext links for LaTeX
 (C:\Users\hp\AppData\Local\Programs\MiKTeX\tex/generic/ltxcmds\ltxcmds.sty
Package: ltxcmds 2020-05-10 v1.25 LaTeX kernel commands for general use (HO)
) (C:\Users\hp\AppData\Local\Programs\MiKTeX\tex/generic/pdftexcmds\pdftexcmds.sty
Package: pdftexcmds 2020-06-27 v0.33 Utility functions of pdfTeX for LuaTeX (HO)
 (C:\Users\hp\AppData\Local\Programs\MiKTeX\tex/generic/infwarerr\infwarerr.sty
Package: infwarerr 2019/12/03 v1.5 Providing info/warning/error messages (HO)
)
Package pdftexcmds Info: \pdf@primitive is available.
Package pdftexcmds Info: \pdf@ifprimitive is available.
Package pdftexcmds Info: \pdfdraftmode found.
) (C:\Users\hp\AppData\Local\Programs\MiKTeX\tex/latex/kvsetkeys\kvsetkeys.sty
Package: kvsetkeys 2022-10-05 v1.19 Key value parser (HO)
) (C:\Users\hp\AppData\Local\Programs\MiKTeX\tex/generic/kvdefinekeys\kvdefinekeys.sty
Package: kvdefinekeys 2019-12-19 v1.6 Define keys (HO)
) (C:\Users\hp\AppData\Local\Programs\MiKTeX\tex/generic/pdfescape\pdfescape.sty
Package: pdfescape 2019/12/09 v1.15 Implements pdfTeX's escape features (HO)
) (C:\Users\hp\AppData\Local\Programs\MiKTeX\tex/latex/hycolor\hycolor.sty
Package: hycolor 2020-01-27 v1.10 Color options for hyperref/bookmark (HO)
) (C:\Users\hp\AppData\Local\Programs\MiKTeX\tex/latex/letltxmacro\letltxmacro.sty
Package: letltxmacro 2019/12/03 v1.6 Let assignment for LaTeX macros (HO)
) (C:\Users\hp\AppData\Local\Programs\MiKTeX\tex/latex/auxhook\auxhook.sty
Package: auxhook 2019-12-17 v1.6 Hooks for auxiliary files (HO)
) (C:\Users\hp\AppData\Local\Programs\MiKTeX\tex/latex/hyperref\nameref.sty
Package: nameref 2022-05-17 v2.50 Cross-referencing by name of section
 (C:\Users\hp\AppData\Local\Programs\MiKTeX\tex/latex/refcount\refcount.sty
Package: refcount 2019/12/15 v3.6 Data extraction from label references (HO)
) (C:\Users\hp\AppData\Local\Programs\MiKTeX\tex/generic/gettitlestring\gettitlestring.sty
Package: gettitlestring 2019/12/15 v1.6 Cleanup title references (HO)
 (C:\Users\hp\AppData\Local\Programs\MiKTeX\tex/latex/kvoptions\kvoptions.sty
Package: kvoptions 2022-06-15 v3.15 Key value format for package options (HO)
))
\c@section@level=\count296
)
\@linkdim=\dimen258
\Hy@linkcounter=\count297
\Hy@pagecounter=\count298
 (C:\Users\hp\AppData\Local\Programs\MiKTeX\tex/latex/hyperref\pd1enc.def
File: pd1enc.def 2023-02-07 v7.00v Hyperref: PDFDocEncoding definition (HO)
Now handling font encoding PD1 ...
... no UTF-8 mapping file for font encoding PD1
) (C:\Users\hp\AppData\Local\Programs\MiKTeX\tex/generic/intcalc\intcalc.sty
Package: intcalc 2019/12/15 v1.3 Expandable calculations with integers (HO)
) (C:\Users\hp\AppData\Local\Programs\MiKTeX\tex/generic/etexcmds\etexcmds.sty
Package: etexcmds 2019/12/15 v1.7 Avoid name clashes with e-TeX commands (HO)
)
\Hy@SavedSpaceFactor=\count299
 (C:\Users\hp\AppData\Local\Programs\MiKTeX\tex/latex/hyperref\puenc.def
File: puenc.def 2023-02-07 v7.00v Hyperref: PDF Unicode definition (HO)
Now handling font encoding PU ...
... no UTF-8 mapping file for font encoding PU
)
Package hyperref Info: Hyper figures OFF on input line 4177.
Package hyperref Info: Link nesting OFF on input line 4182.
Package hyperref Info: Hyper index ON on input line 4185.
Package hyperref Info: Plain pages OFF on input line 4192.
Package hyperref Info: Backreferencing OFF on input line 4197.
Package hyperref Info: Implicit mode ON; LaTeX internals redefined.
Package hyperref Info: Bookmarks ON on input line 4425.
\c@Hy@tempcnt=\count300
 (C:\Users\hp\AppData\Local\Programs\MiKTeX\tex/latex/url\url.sty
\Urlmuskip=\muskip17
Package: url 2013/09/16  ver 3.4  Verb mode for urls, etc.
)
LaTeX Info: Redefining \url on input line 4763.
\XeTeXLinkMargin=\dimen259
 (C:\Users\hp\AppData\Local\Programs\MiKTeX\tex/generic/bitset\bitset.sty
Package: bitset 2019/12/09 v1.3 Handle bit-vector datatype (HO)
 (C:\Users\hp\AppData\Local\Programs\MiKTeX\tex/generic/bigintcalc\bigintcalc.sty
Package: bigintcalc 2019/12/15 v1.5 Expandable calculations on big integers (HO)
))
\Fld@menulength=\count301
\Field@Width=\dimen260
\Fld@charsize=\dimen261
Package hyperref Info: Hyper figures OFF on input line 6042.
Package hyperref Info: Link nesting OFF on input line 6047.
Package hyperref Info: Hyper index ON on input line 6050.
Package hyperref Info: backreferencing OFF on input line 6057.
Package hyperref Info: Link coloring OFF on input line 6062.
Package hyperref Info: Link coloring with OCG OFF on input line 6067.
Package hyperref Info: PDF/A mode OFF on input line 6072.
 (C:\Users\hp\AppData\Local\Programs\MiKTeX\tex/latex/base\atbegshi-ltx.sty
Package: atbegshi-ltx 2021/01/10 v1.0c Emulation of the original atbegshi
package with kernel methods
)
\Hy@abspage=\count302
\c@Item=\count303
\c@Hfootnote=\count304
)
Package hyperref Info: Driver (autodetected): hpdftex.
 (C:\Users\hp\AppData\Local\Programs\MiKTeX\tex/latex/hyperref\hpdftex.def
File: hpdftex.def 2023-02-07 v7.00v Hyperref driver for pdfTeX
 (C:\Users\hp\AppData\Local\Programs\MiKTeX\tex/latex/base\atveryend-ltx.sty
Package: atveryend-ltx 2020/08/19 v1.0a Emulation of the original atveryend package
with kernel methods
)
\Fld@listcount=\count305
\c@bookmark@seq@number=\count306
 (C:\Users\hp\AppData\Local\Programs\MiKTeX\tex/latex/rerunfilecheck\rerunfilecheck.sty
Package: rerunfilecheck 2022-07-10 v1.10 Rerun checks for auxiliary files (HO)
 (C:\Users\hp\AppData\Local\Programs\MiKTeX\tex/generic/uniquecounter\uniquecounter.sty
Package: uniquecounter 2019/12/15 v1.4 Provide unlimited unique counter (HO)
)
Package uniquecounter Info: New unique counter `rerunfilecheck' on input line 285.
)
\Hy@SectionHShift=\skip82
) (C:\Users\hp\AppData\Local\Programs\MiKTeX\tex/latex/enumitem\enumitem.sty
Package: enumitem 2019/06/20 v3.9 Customized lists
\labelindent=\skip83
\enit@outerparindent=\dimen262
\enit@toks=\toks44
\enit@inbox=\box62
\enit@count@id=\count307
\enitdp@description=\count308
) (C:\Users\hp\AppData\Local\Programs\MiKTeX\tex/latex/listings\listings.sty
\lst@mode=\count309
\lst@gtempboxa=\box63
\lst@token=\toks45
\lst@length=\count310
\lst@currlwidth=\dimen263
\lst@column=\count311
\lst@pos=\count312
\lst@lostspace=\dimen264
\lst@width=\dimen265
\lst@newlines=\count313
\lst@lineno=\count314
\lst@maxwidth=\dimen266
 (C:\Users\hp\AppData\Local\Programs\MiKTeX\tex/latex/listings\lstmisc.sty
File: lstmisc.sty 2023/02/27 1.9 (Carsten Heinz)
\c@lstnumber=\count315
\lst@skipnumbers=\count316
\lst@framebox=\box64
) (C:\Users\hp\AppData\Local\Programs\MiKTeX\tex/latex/listings\listings.cfg
File: listings.cfg 2023/02/27 1.9 listings configuration
))
Package: listings 2023/02/27 1.9 (Carsten Heinz)
 (C:\Users\hp\AppData\Local\Programs\MiKTeX\tex/latex/appendix\appendix.sty
Package: appendix 2020/02/08 v1.2c extra appendix facilities
\c@@pps=\count317
\c@@ppsavesec=\count318
\c@@ppsaveapp=\count319
) (C:\Users\hp\AppData\Local\Programs\MiKTeX\tex/latex/tocloft\tocloft.sty
Package: tocloft 2017/08/31 v2.3i parameterised ToC, etc., typesetting
Package tocloft Info: The document has chapter divisions on input line 51.
\cftparskip=\skip84
\cftbeforetoctitleskip=\skip85
\cftaftertoctitleskip=\skip86
\cftbeforepartskip=\skip87
\cftpartnumwidth=\skip88
\cftpartindent=\skip89
\cftbeforechapskip=\skip90
\cftchapindent=\skip91
\cftchapnumwidth=\skip92
\cftbeforesecskip=\skip93
\cftsecindent=\skip94
\cftsecnumwidth=\skip95
\cftbeforesubsecskip=\skip96
\cftsubsecindent=\skip97
\cftsubsecnumwidth=\skip98
\cftbeforesubsubsecskip=\skip99
\cftsubsubsecindent=\skip100
\cftsubsubsecnumwidth=\skip101
\cftbeforeparaskip=\skip102
\cftparaindent=\skip103
\cftparanumwidth=\skip104
\cftbeforesubparaskip=\skip105
\cftsubparaindent=\skip106
\cftsubparanumwidth=\skip107
\cftbeforeloftitleskip=\skip108
\cftafterloftitleskip=\skip109
\cftbeforefigskip=\skip110
\cftfigindent=\skip111
\cftfignumwidth=\skip112
\c@lofdepth=\count320
\c@lotdepth=\count321
\cftbeforelottitleskip=\skip113
\cftafterlottitleskip=\skip114
\cftbeforetabskip=\skip115
\cfttabindent=\skip116
\cfttabnumwidth=\skip117
) (C:\Users\hp\AppData\Local\Programs\MiKTeX\tex/latex/bclogo\bclogo.sty
Package: bclogo 2016/01/10 v3.1
 (C:\Users\hp\AppData\Local\Programs\MiKTeX\tex/latex/xkeyval\xkeyval.sty
Package: xkeyval 2022/06/16 v2.9 package option processing (HA)
 (C:\Users\hp\AppData\Local\Programs\MiKTeX\tex/generic/xkeyval\xkeyval.tex (C:\Users\hp\AppData\Local\Programs\MiKTeX\tex/generic/xkeyval\xkvutils.tex
\XKV@toks=\toks46
\XKV@tempa@toks=\toks47
)
\XKV@depth=\count322
File: xkeyval.tex 2014/12/03 v2.7a key=value parser (HA)
)) (C:\Users\hp\AppData\Local\Programs\MiKTeX\tex/latex/base\ifthen.sty
Package: ifthen 2022/04/13 v1.1d Standard LaTeX ifthen package (DPC)
)
\bc@invboxh=\skip118
\bc@invboxd=\skip119
\bc@titleLength=\skip120
\logowidth=\skip121
 (C:\Users\hp\AppData\Local\Programs\MiKTeX\tex/latex/pgf/frontendlayer\tikz.sty (C:\Users\hp\AppData\Local\Programs\MiKTeX\tex/latex/pgf/basiclayer\pgf.sty (C:\Users\hp\AppData\Local\Programs\MiKTeX\tex/latex/pgf/utilities\pgfrcs.sty (C:\Users\hp\AppData\Local\Programs\MiKTeX\tex/generic/pgf/utilities\pgfutil-common.tex
\pgfutil@everybye=\toks48
\pgfutil@tempdima=\dimen267
\pgfutil@tempdimb=\dimen268
) (C:\Users\hp\AppData\Local\Programs\MiKTeX\tex/generic/pgf/utilities\pgfutil-latex.def
\pgfutil@abb=\box65
) (C:\Users\hp\AppData\Local\Programs\MiKTeX\tex/generic/pgf/utilities\pgfrcs.code.tex (C:\Users\hp\AppData\Local\Programs\MiKTeX\tex/generic/pgf\pgf.revision.tex)
Package: pgfrcs 2023-01-15 v3.1.10 (3.1.10)
))
Package: pgf 2023-01-15 v3.1.10 (3.1.10)
 (C:\Users\hp\AppData\Local\Programs\MiKTeX\tex/latex/pgf/basiclayer\pgfcore.sty (C:\Users\hp\AppData\Local\Programs\MiKTeX\tex/latex/pgf/systemlayer\pgfsys.sty (C:\Users\hp\AppData\Local\Programs\MiKTeX\tex/generic/pgf/systemlayer\pgfsys.code.tex
Package: pgfsys 2023-01-15 v3.1.10 (3.1.10)
 (C:\Users\hp\AppData\Local\Programs\MiKTeX\tex/generic/pgf/utilities\pgfkeys.code.tex
\pgfkeys@pathtoks=\toks49
\pgfkeys@temptoks=\toks50
 (C:\Users\hp\AppData\Local\Programs\MiKTeX\tex/generic/pgf/utilities\pgfkeyslibraryfiltered.code.tex
\pgfkeys@tmptoks=\toks51
))
\pgf@x=\dimen269
\pgf@y=\dimen270
\pgf@xa=\dimen271
\pgf@ya=\dimen272
\pgf@xb=\dimen273
\pgf@yb=\dimen274
\pgf@xc=\dimen275
\pgf@yc=\dimen276
\pgf@xd=\dimen277
\pgf@yd=\dimen278
\w@pgf@writea=\write3
\r@pgf@reada=\read3
\c@pgf@counta=\count323
\c@pgf@countb=\count324
\c@pgf@countc=\count325
\c@pgf@countd=\count326
\t@pgf@toka=\toks52
\t@pgf@tokb=\toks53
\t@pgf@tokc=\toks54
\pgf@sys@id@count=\count327
 (C:\Users\hp\AppData\Local\Programs\MiKTeX\tex/generic/pgf/systemlayer\pgf.cfg
File: pgf.cfg 2023-01-15 v3.1.10 (3.1.10)
)
Driver file for pgf: pgfsys-pdftex.def
 (C:\Users\hp\AppData\Local\Programs\MiKTeX\tex/generic/pgf/systemlayer\pgfsys-pdftex.def
File: pgfsys-pdftex.def 2023-01-15 v3.1.10 (3.1.10)
 (C:\Users\hp\AppData\Local\Programs\MiKTeX\tex/generic/pgf/systemlayer\pgfsys-common-pdf.def
File: pgfsys-common-pdf.def 2023-01-15 v3.1.10 (3.1.10)
))) (C:\Users\hp\AppData\Local\Programs\MiKTeX\tex/generic/pgf/systemlayer\pgfsyssoftpath.code.tex
File: pgfsyssoftpath.code.tex 2023-01-15 v3.1.10 (3.1.10)
\pgfsyssoftpath@smallbuffer@items=\count328
\pgfsyssoftpath@bigbuffer@items=\count329
) (C:\Users\hp\AppData\Local\Programs\MiKTeX\tex/generic/pgf/systemlayer\pgfsysprotocol.code.tex
File: pgfsysprotocol.code.tex 2023-01-15 v3.1.10 (3.1.10)
)) (C:\Users\hp\AppData\Local\Programs\MiKTeX\tex/generic/pgf/basiclayer\pgfcore.code.tex
Package: pgfcore 2023-01-15 v3.1.10 (3.1.10)
 (C:\Users\hp\AppData\Local\Programs\MiKTeX\tex/generic/pgf/math\pgfmath.code.tex (C:\Users\hp\AppData\Local\Programs\MiKTeX\tex/generic/pgf/math\pgfmathutil.code.tex) (C:\Users\hp\AppData\Local\Programs\MiKTeX\tex/generic/pgf/math\pgfmathparser.code.tex
\pgfmath@dimen=\dimen279
\pgfmath@count=\count330
\pgfmath@box=\box66
\pgfmath@toks=\toks55
\pgfmath@stack@operand=\toks56
\pgfmath@stack@operation=\toks57
) (C:\Users\hp\AppData\Local\Programs\MiKTeX\tex/generic/pgf/math\pgfmathfunctions.code.tex) (C:\Users\hp\AppData\Local\Programs\MiKTeX\tex/generic/pgf/math\pgfmathfunctions.basic.code.tex) (C:\Users\hp\AppData\Local\Programs\MiKTeX\tex/generic/pgf/math\pgfmathfunctions.trigonometric.code.tex) (C:\Users\hp\AppData\Local\Programs\MiKTeX\tex/generic/pgf/math\pgfmathfunctions.random.code.tex) (C:\Users\hp\AppData\Local\Programs\MiKTeX\tex/generic/pgf/math\pgfmathfunctions.comparison.code.tex) (C:\Users\hp\AppData\Local\Programs\MiKTeX\tex/generic/pgf/math\pgfmathfunctions.base.code.tex) (C:\Users\hp\AppData\Local\Programs\MiKTeX\tex/generic/pgf/math\pgfmathfunctions.round.code.tex) (C:\Users\hp\AppData\Local\Programs\MiKTeX\tex/generic/pgf/math\pgfmathfunctions.misc.code.tex) (C:\Users\hp\AppData\Local\Programs\MiKTeX\tex/generic/pgf/math\pgfmathfunctions.integerarithmetics.code.tex) (C:\Users\hp\AppData\Local\Programs\MiKTeX\tex/generic/pgf/math\pgfmathcalc.code.tex) (C:\Users\hp\AppData\Local\Programs\MiKTeX\tex/generic/pgf/math\pgfmathfloat.code.tex
\c@pgfmathroundto@lastzeros=\count331
)) (C:\Users\hp\AppData\Local\Programs\MiKTeX\tex/generic/pgf/math\pgfint.code.tex) (C:\Users\hp\AppData\Local\Programs\MiKTeX\tex/generic/pgf/basiclayer\pgfcorepoints.code.tex
File: pgfcorepoints.code.tex 2023-01-15 v3.1.10 (3.1.10)
\pgf@picminx=\dimen280
\pgf@picmaxx=\dimen281
\pgf@picminy=\dimen282
\pgf@picmaxy=\dimen283
\pgf@pathminx=\dimen284
\pgf@pathmaxx=\dimen285
\pgf@pathminy=\dimen286
\pgf@pathmaxy=\dimen287
\pgf@xx=\dimen288
\pgf@xy=\dimen289
\pgf@yx=\dimen290
\pgf@yy=\dimen291
\pgf@zx=\dimen292
\pgf@zy=\dimen293
) (C:\Users\hp\AppData\Local\Programs\MiKTeX\tex/generic/pgf/basiclayer\pgfcorepathconstruct.code.tex
File: pgfcorepathconstruct.code.tex 2023-01-15 v3.1.10 (3.1.10)
\pgf@path@lastx=\dimen294
\pgf@path@lasty=\dimen295
) (C:\Users\hp\AppData\Local\Programs\MiKTeX\tex/generic/pgf/basiclayer\pgfcorepathusage.code.tex
File: pgfcorepathusage.code.tex 2023-01-15 v3.1.10 (3.1.10)
\pgf@shorten@end@additional=\dimen296
\pgf@shorten@start@additional=\dimen297
) (C:\Users\hp\AppData\Local\Programs\MiKTeX\tex/generic/pgf/basiclayer\pgfcorescopes.code.tex
File: pgfcorescopes.code.tex 2023-01-15 v3.1.10 (3.1.10)
\pgfpic=\box67
\pgf@hbox=\box68
\pgf@layerbox@main=\box69
\pgf@picture@serial@count=\count332
) (C:\Users\hp\AppData\Local\Programs\MiKTeX\tex/generic/pgf/basiclayer\pgfcoregraphicstate.code.tex
File: pgfcoregraphicstate.code.tex 2023-01-15 v3.1.10 (3.1.10)
\pgflinewidth=\dimen298
) (C:\Users\hp\AppData\Local\Programs\MiKTeX\tex/generic/pgf/basiclayer\pgfcoretransformations.code.tex
File: pgfcoretransformations.code.tex 2023-01-15 v3.1.10 (3.1.10)
\pgf@pt@x=\dimen299
\pgf@pt@y=\dimen300
\pgf@pt@temp=\dimen301
) (C:\Users\hp\AppData\Local\Programs\MiKTeX\tex/generic/pgf/basiclayer\pgfcorequick.code.tex
File: pgfcorequick.code.tex 2023-01-15 v3.1.10 (3.1.10)
) (C:\Users\hp\AppData\Local\Programs\MiKTeX\tex/generic/pgf/basiclayer\pgfcoreobjects.code.tex
File: pgfcoreobjects.code.tex 2023-01-15 v3.1.10 (3.1.10)
) (C:\Users\hp\AppData\Local\Programs\MiKTeX\tex/generic/pgf/basiclayer\pgfcorepathprocessing.code.tex
File: pgfcorepathprocessing.code.tex 2023-01-15 v3.1.10 (3.1.10)
) (C:\Users\hp\AppData\Local\Programs\MiKTeX\tex/generic/pgf/basiclayer\pgfcorearrows.code.tex
File: pgfcorearrows.code.tex 2023-01-15 v3.1.10 (3.1.10)
\pgfarrowsep=\dimen302
) (C:\Users\hp\AppData\Local\Programs\MiKTeX\tex/generic/pgf/basiclayer\pgfcoreshade.code.tex
File: pgfcoreshade.code.tex 2023-01-15 v3.1.10 (3.1.10)
\pgf@max=\dimen303
\pgf@sys@shading@range@num=\count333
\pgf@shadingcount=\count334
) (C:\Users\hp\AppData\Local\Programs\MiKTeX\tex/generic/pgf/basiclayer\pgfcoreimage.code.tex
File: pgfcoreimage.code.tex 2023-01-15 v3.1.10 (3.1.10)
) (C:\Users\hp\AppData\Local\Programs\MiKTeX\tex/generic/pgf/basiclayer\pgfcoreexternal.code.tex
File: pgfcoreexternal.code.tex 2023-01-15 v3.1.10 (3.1.10)
\pgfexternal@startupbox=\box70
) (C:\Users\hp\AppData\Local\Programs\MiKTeX\tex/generic/pgf/basiclayer\pgfcorelayers.code.tex
File: pgfcorelayers.code.tex 2023-01-15 v3.1.10 (3.1.10)
) (C:\Users\hp\AppData\Local\Programs\MiKTeX\tex/generic/pgf/basiclayer\pgfcoretransparency.code.tex
File: pgfcoretransparency.code.tex 2023-01-15 v3.1.10 (3.1.10)
) (C:\Users\hp\AppData\Local\Programs\MiKTeX\tex/generic/pgf/basiclayer\pgfcorepatterns.code.tex
File: pgfcorepatterns.code.tex 2023-01-15 v3.1.10 (3.1.10)
)
(C:\Users\hp\AppData\Local\Programs\MiKTeX\tex/generic/pgf/basiclayer\pgfcorerdf.code.tex
File: pgfcorerdf.code.tex 2023-01-15 v3.1.10 (3.1.10)
))) (C:\Users\hp\AppData\Local\Programs\MiKTeX\tex/generic/pgf/modules\pgfmoduleshapes.code.tex
File: pgfmoduleshapes.code.tex 2023-01-15 v3.1.10 (3.1.10)
\pgfnodeparttextbox=\box71
) (C:\Users\hp\AppData\Local\Programs\MiKTeX\tex/generic/pgf/modules\pgfmoduleplot.code.tex
File: pgfmoduleplot.code.tex 2023-01-15 v3.1.10 (3.1.10)
) (C:\Users\hp\AppData\Local\Programs\MiKTeX\tex/latex/pgf/compatibility\pgfcomp-version-0-65.sty
Package: pgfcomp-version-0-65 2023-01-15 v3.1.10 (3.1.10)
\pgf@nodesepstart=\dimen304
\pgf@nodesepend=\dimen305
) (C:\Users\hp\AppData\Local\Programs\MiKTeX\tex/latex/pgf/compatibility\pgfcomp-version-1-18.sty
Package: pgfcomp-version-1-18 2023-01-15 v3.1.10 (3.1.10)
)) (C:\Users\hp\AppData\Local\Programs\MiKTeX\tex/latex/pgf/utilities\pgffor.sty (C:\Users\hp\AppData\Local\Programs\MiKTeX\tex/latex/pgf/utilities\pgfkeys.sty (C:\Users\hp\AppData\Local\Programs\MiKTeX\tex/generic/pgf/utilities\pgfkeys.code.tex)) (C:\Users\hp\AppData\Local\Programs\MiKTeX\tex/latex/pgf/math\pgfmath.sty (C:\Users\hp\AppData\Local\Programs\MiKTeX\tex/generic/pgf/math\pgfmath.code.tex)) (C:\Users\hp\AppData\Local\Programs\MiKTeX\tex/generic/pgf/utilities\pgffor.code.tex
Package: pgffor 2023-01-15 v3.1.10 (3.1.10)
\pgffor@iter=\dimen306
\pgffor@skip=\dimen307
\pgffor@stack=\toks58
\pgffor@toks=\toks59
)) (C:\Users\hp\AppData\Local\Programs\MiKTeX\tex/generic/pgf/frontendlayer/tikz\tikz.code.tex
Package: tikz 2023-01-15 v3.1.10 (3.1.10)
 (C:\Users\hp\AppData\Local\Programs\MiKTeX\tex/generic/pgf/libraries\pgflibraryplothandlers.code.tex
File: pgflibraryplothandlers.code.tex 2023-01-15 v3.1.10 (3.1.10)
\pgf@plot@mark@count=\count335
\pgfplotmarksize=\dimen308
)
\tikz@lastx=\dimen309
\tikz@lasty=\dimen310
\tikz@lastxsaved=\dimen311
\tikz@lastysaved=\dimen312
\tikz@lastmovetox=\dimen313
\tikz@lastmovetoy=\dimen314
\tikzleveldistance=\dimen315
\tikzsiblingdistance=\dimen316
\tikz@figbox=\box72
\tikz@figbox@bg=\box73
\tikz@tempbox=\box74
\tikz@tempbox@bg=\box75
\tikztreelevel=\count336
\tikznumberofchildren=\count337
\tikznumberofcurrentchild=\count338
\tikz@fig@count=\count339
 (C:\Users\hp\AppData\Local\Programs\MiKTeX\tex/generic/pgf/modules\pgfmodulematrix.code.tex
File: pgfmodulematrix.code.tex 2023-01-15 v3.1.10 (3.1.10)
\pgfmatrixcurrentrow=\count340
\pgfmatrixcurrentcolumn=\count341
\pgf@matrix@numberofcolumns=\count342
)
\tikz@expandcount=\count343
 (C:\Users\hp\AppData\Local\Programs\MiKTeX\tex/generic/pgf/frontendlayer/tikz/libraries\tikzlibrarytopaths.code.tex
File: tikzlibrarytopaths.code.tex 2023-01-15 v3.1.10 (3.1.10)
))) (C:\Users\hp\AppData\Local\Programs\MiKTeX\tex/latex/mdframed\mdframed.sty
Package: mdframed 2013/07/01 1.9b: mdframed
 (C:\Users\hp\AppData\Local\Programs\MiKTeX\tex/latex/l3packages/xparse\xparse.sty
Package: xparse 2023-02-02 L3 Experimental document command parser
) (C:\Users\hp\AppData\Local\Programs\MiKTeX\tex/latex/etoolbox\etoolbox.sty
Package: etoolbox 2020/10/05 v2.5k e-TeX tools for LaTeX (JAW)
\etb@tempcnta=\count344
) (C:\Users\hp\AppData\Local\Programs\MiKTeX\tex/latex/zref\zref-abspage.sty
Package: zref-abspage 2022-04-07 v2.34 Module abspage for zref (HO)
 (C:\Users\hp\AppData\Local\Programs\MiKTeX\tex/latex/zref\zref-base.sty
Package: zref-base 2022-04-07 v2.34 Module base for zref (HO)
Package zref Info: New property list: main on input line 767.
Package zref Info: New property: default on input line 768.
Package zref Info: New property: page on input line 769.
)
\c@abspage=\count345
Package zref Info: New property: abspage on input line 65.
) (C:\Users\hp\AppData\Local\Programs\MiKTeX\tex/latex/needspace\needspace.sty
Package: needspace 2010/09/12 v1.3d reserve vertical space
)
\mdf@templength=\skip122
\c@mdf@globalstyle@cnt=\count346
\mdf@skipabove@length=\skip123
\mdf@skipbelow@length=\skip124
\mdf@leftmargin@length=\skip125
\mdf@rightmargin@length=\skip126
\mdf@innerleftmargin@length=\skip127
\mdf@innerrightmargin@length=\skip128
\mdf@innertopmargin@length=\skip129
\mdf@innerbottommargin@length=\skip130
\mdf@splittopskip@length=\skip131
\mdf@splitbottomskip@length=\skip132
\mdf@outermargin@length=\skip133
\mdf@innermargin@length=\skip134
\mdf@linewidth@length=\skip135
\mdf@innerlinewidth@length=\skip136
\mdf@middlelinewidth@length=\skip137
\mdf@outerlinewidth@length=\skip138
\mdf@roundcorner@length=\skip139
\mdf@footenotedistance@length=\skip140
\mdf@userdefinedwidth@length=\skip141
\mdf@needspace@length=\skip142
\mdf@frametitleaboveskip@length=\skip143
\mdf@frametitlebelowskip@length=\skip144
\mdf@frametitlerulewidth@length=\skip145
\mdf@frametitleleftmargin@length=\skip146
\mdf@frametitlerightmargin@length=\skip147
\mdf@shadowsize@length=\skip148
\mdf@extratopheight@length=\skip149
\mdf@subtitleabovelinewidth@length=\skip150
\mdf@subtitlebelowlinewidth@length=\skip151
\mdf@subtitleaboveskip@length=\skip152
\mdf@subtitlebelowskip@length=\skip153
\mdf@subtitleinneraboveskip@length=\skip154
\mdf@subtitleinnerbelowskip@length=\skip155
\mdf@subsubtitleabovelinewidth@length=\skip156
\mdf@subsubtitlebelowlinewidth@length=\skip157
\mdf@subsubtitleaboveskip@length=\skip158
\mdf@subsubtitlebelowskip@length=\skip159
\mdf@subsubtitleinneraboveskip@length=\skip160
\mdf@subsubtitleinnerbelowskip@length=\skip161
 (C:\Users\hp\AppData\Local\Programs\MiKTeX\tex/latex/mdframed\md-frame-1.mdf
File: md-frame-1.mdf 2013/07/01\ 1.9b: md-frame-1
)
\mdf@frametitlebox=\box76
\mdf@footnotebox=\box77
\mdf@splitbox@one=\box78
\mdf@splitbox@two=\box79
\mdf@splitbox@save=\box80
\mdfsplitboxwidth=\skip162
\mdfsplitboxtotalwidth=\skip163
\mdfsplitboxheight=\skip164
\mdfsplitboxdepth=\skip165
\mdfsplitboxtotalheight=\skip166
\mdfframetitleboxwidth=\skip167
\mdfframetitleboxtotalwidth=\skip168
\mdfframetitleboxheight=\skip169
\mdfframetitleboxdepth=\skip170
\mdfframetitleboxtotalheight=\skip171
\mdffootnoteboxwidth=\skip172
\mdffootnoteboxtotalwidth=\skip173
\mdffootnoteboxheight=\skip174
\mdffootnoteboxdepth=\skip175
\mdffootnoteboxtotalheight=\skip176
\mdftotallinewidth=\skip177
\mdfboundingboxwidth=\skip178
\mdfboundingboxtotalwidth=\skip179
\mdfboundingboxheight=\skip180
\mdfboundingboxdepth=\skip181
\mdfboundingboxtotalheight=\skip182
\mdf@freevspace@length=\skip183
\mdf@horizontalwidthofbox@length=\skip184
\mdf@verticalmarginwhole@length=\skip185
\mdf@horizontalspaceofbox=\skip186
\mdfsubtitleheight=\skip187
\mdfsubsubtitleheight=\skip188
\c@mdfcountframes=\count347

****** mdframed patching \endmdf@trivlist

****** -- success******

\mdf@envdepth=\count348
\c@mdf@env@i=\count349
\c@mdf@env@ii=\count350
\c@mdf@zref@counter=\count351
Package zref Info: New property: mdf@pagevalue on input line 895.
) (C:\Users\hp\AppData\Local\Programs\MiKTeX\tex/generic/pgf/frontendlayer/tikz/libraries\tikzlibraryshadows.code.tex
File: tikzlibraryshadows.code.tex 2023-01-15 v3.1.10 (3.1.10)
 (C:\Users\hp\AppData\Local\Programs\MiKTeX\tex/generic/pgf/frontendlayer/tikz/libraries\tikzlibraryfadings.code.tex
File: tikzlibraryfadings.code.tex 2023-01-15 v3.1.10 (3.1.10)
 (C:\Users\hp\AppData\Local\Programs\MiKTeX\tex/generic/pgf/libraries\pgflibraryfadings.code.tex
File: pgflibraryfadings.code.tex 2023-01-15 v3.1.10 (3.1.10)
))) (C:\Users\hp\AppData\Local\Programs\MiKTeX\tex/generic/pgf/frontendlayer/tikz/libraries\tikzlibrarydecorations.pathmorphing.code.tex (C:\Users\hp\AppData\Local\Programs\MiKTeX\tex/generic/pgf/frontendlayer/tikz/libraries\tikzlibrarydecorations.code.tex (C:\Users\hp\AppData\Local\Programs\MiKTeX\tex/generic/pgf/modules\pgfmoduledecorations.code.tex
\pgfdecoratedcompleteddistance=\dimen317
\pgfdecoratedremainingdistance=\dimen318
\pgfdecoratedinputsegmentcompleteddistance=\dimen319
\pgfdecoratedinputsegmentremainingdistance=\dimen320
\pgf@decorate@distancetomove=\dimen321
\pgf@decorate@repeatstate=\count352
\pgfdecorationsegmentamplitude=\dimen322
\pgfdecorationsegmentlength=\dimen323
)
\tikz@lib@dec@box=\box81
) (C:\Users\hp\AppData\Local\Programs\MiKTeX\tex/generic/pgf/libraries/decorations\pgflibrarydecorations.pathmorphing.code.tex)) (C:\Users\hp\AppData\Local\Programs\MiKTeX\tex/generic/iftex\ifpdf.sty
Package: ifpdf 2019/10/25 v3.4 ifpdf legacy package. Use iftex instead.
)
\c@bclogocompteur=\count353
\bcval@epBarre=\skip189
\bcval@framesep=\skip190
\bcval@tailleOndu=\skip191
\bcval@borderWidth=\skip192
\bcval@margeG=\skip193
\bcval@margeD=\skip194
\bc@envbox=\box82
) (C:\Users\hp\AppData\Local\Programs\MiKTeX\tex/latex/tcolorbox\tcolorbox.sty
Package: tcolorbox 2023/03/17 version 6.0.3 text color boxes
 (C:\Users\hp\AppData\Local\Programs\MiKTeX\tex/latex/tools\verbatim.sty
Package: verbatim 2022-07-02 v1.5u LaTeX2e package for verbatim enhancements
\every@verbatim=\toks60
\verbatim@line=\toks61
\verbatim@in@stream=\read4
) (C:\Users\hp\AppData\Local\Programs\MiKTeX\tex/latex/environ\environ.sty
Package: environ 2014/05/04 v0.3 A new way to define environments
 (C:\Users\hp\AppData\Local\Programs\MiKTeX\tex/latex/trimspaces\trimspaces.sty
Package: trimspaces 2009/09/17 v1.1 Trim spaces around a token list
))
\tcb@titlebox=\box83
\tcb@upperbox=\box84
\tcb@lowerbox=\box85
\tcb@phantombox=\box86
\c@tcbbreakpart=\count354
\c@tcblayer=\count355
\c@tcolorbox@number=\count356
\tcb@temp=\box87
\tcb@temp=\box88
\tcb@temp=\box89
\tcb@temp=\box90
 (C:\Users\hp\AppData\Local\Programs\MiKTeX\tex/latex/tcolorbox\tcbraster.code.tex
Library (tcolorbox): 'tcbraster.code.tex' version '6.0.3'
\c@tcbrastercolumn=\count357
\c@tcbrasterrow=\count358
\c@tcbrasternum=\count359
\c@tcbraster=\count360
) (C:\Users\hp\AppData\Local\Programs\MiKTeX\tex/latex/tcolorbox\tcbskins.code.tex
Library (tcolorbox): 'tcbskins.code.tex' version '6.0.3'
(C:\Users\hp\AppData\Local\Programs\MiKTeX\tex/latex/tikzfill\tikzfill.image.sty
Package: tikzfill.image 2022/07/20 v1.0.0 Image filling library for TikZ
 (C:\Users\hp\AppData\Local\Programs\MiKTeX\tex/latex/tikzfill\tikzfill-common.sty
Package: tikzfill-common 2022/07/20 v1.0.0 Auxiliary code for tikzfill
) (C:\Users\hp\AppData\Local\Programs\MiKTeX\tex/latex/tikzfill\tikzlibraryfill.image.code.tex
File: tikzlibraryfill.image.code.tex 2022/07/20 v1.0.0 Image filling library
\l__tikzfill_img_box=\box91
)) (C:\Users\hp\AppData\Local\Programs\MiKTeX\tex/latex/tcolorbox\tcbskinsjigsaw.code.tex
Library (tcolorbox): 'tcbskinsjigsaw.code.tex' version '6.0.3'
)) (C:\Users\hp\AppData\Local\Programs\MiKTeX\tex/latex/tcolorbox\tcbbreakable.code.tex
Library (tcolorbox): 'tcbbreakable.code.tex' version '6.0.3'
(C:\Users\hp\AppData\Local\Programs\MiKTeX\tex/latex/pdfcol\pdfcol.sty
Package: pdfcol 2022-09-21 v1.7 Handle new color stacks for pdfTeX (HO)
)
Package pdfcol Info: New color stack `tcb@breakable' = 1 on input line 23.
\tcb@testbox=\box92
\tcb@totalupperbox=\box93
\tcb@totallowerbox=\box94
) (C:\Users\hp\AppData\Local\Programs\MiKTeX\tex/latex/tcolorbox\tcbhooks.code.tex
Library (tcolorbox): 'tcbhooks.code.tex' version '6.0.3'
) (C:\Users\hp\AppData\Local\Programs\MiKTeX\tex/latex/tcolorbox\tcbtheorems.code.tex
Library (tcolorbox): 'tcbtheorems.code.tex' version '6.0.3'
) (C:\Users\hp\AppData\Local\Programs\MiKTeX\tex/latex/tcolorbox\tcbfitting.code.tex
Library (tcolorbox): 'tcbfitting.code.tex' version '6.0.3'
\tcbfitdim=\dimen324
\tcb@lowerfitdim=\dimen325
\tcb@upperfitdim=\dimen326
\tcb@cur@hbadness=\count361
)) (C:\Users\hp\AppData\Local\Programs\MiKTeX\tex/latex/varwidth\varwidth.sty
Package: varwidth 2009/03/30 ver 0.92;  Variable-width minipages
\@vwid@box=\box95
\sift@deathcycles=\count362
\@vwid@loff=\dimen327
\@vwid@roff=\dimen328
) (C:\Users\hp\AppData\Local\Programs\MiKTeX\tex/latex/svg\svg.sty
Package: svg 2020/11/26 v2.02k (include SVG pictures)
 (C:\Users\hp\AppData\Local\Programs\MiKTeX\tex/latex/koma-script\scrbase.sty
Package: scrbase 2022/10/12 v3.38 KOMA-Script package (KOMA-Script-independent basics and keyval usage)
 (C:\Users\hp\AppData\Local\Programs\MiKTeX\tex/latex/koma-script\scrlfile.sty
Package: scrlfile 2022/10/12 v3.38 KOMA-Script package (file load hooks)
 (C:\Users\hp\AppData\Local\Programs\MiKTeX\tex/latex/koma-script\scrlfile-hook.sty
Package: scrlfile-hook 2022/10/12 v3.38 KOMA-Script package (using LaTeX hooks)
 (C:\Users\hp\AppData\Local\Programs\MiKTeX\tex/latex/koma-script\scrlogo.sty
Package: scrlogo 2022/10/12 v3.38 KOMA-Script package (logo)
)))
Applying: [2021/05/01] Usage of raw or classic option list on input line 252.
Already applied: [0000/00/00] Usage of raw or classic option list on input line 368.
) (C:\Users\hp\AppData\Local\Programs\MiKTeX\tex/latex/tools\shellesc.sty
Package: shellesc 2019/11/08 v1.0c unified shell escape interface for LaTeX
Package shellesc Info: Restricted shell escape enabled on input line 77.
)
\c@svg@param@lastpage=\count363
\svg@box=\box96
\c@svg@param@currpage=\count364
) (C:\Users\hp\AppData\Local\Programs\MiKTeX\tex/latex/transparent\transparent.sty
Package: transparent 2022-10-27 v1.5 Transparency with color stacks
 (C:\Users\hp\AppData\Local\Programs\MiKTeX\tex/latex/transparent\transparent-nometadata.sty
Package: transparent-nometadata 2022-10-27 v1.5 Transparency via pdfTeX's color stack (HO)
)) (C:\Users\hp\AppData\Local\Programs\MiKTeX\tex/latex/textpos\textpos.sty
Package: textpos 2022/07/23 v1.10.1
Package textpos Info: choosing support for LaTeX3 on input line 60.
\TP@textbox=\box97
\TP@holdbox=\box98
\TPHorizModule=\dimen329
\TPVertModule=\dimen330
\TP@margin=\dimen331
\TP@absmargin=\dimen332

Grid set 16 x 16 = 37.34424pt x 52.81541pt
\TPboxrulesize=\dimen333
\TP@ox=\dimen334
\TP@oy=\dimen335
\TP@tbargs=\toks62
TextBlockOrigin set to 0pt x 0pt
) (C:\Users\hp\AppData\Local\Programs\MiKTeX\tex/latex/acronym\acronym.sty
Package: acronym 2020/04/17 v1.47 Support for acronyms (Tobias Oetiker)
 (C:\Users\hp\AppData\Local\Programs\MiKTeX\tex/latex/bigfoot\suffix.sty
Package: suffix 2006/07/15 1.5a Variant command support
) (C:\Users\hp\AppData\Local\Programs\MiKTeX\tex/latex/xstring\xstring.sty (C:\Users\hp\AppData\Local\Programs\MiKTeX\tex/generic/xstring\xstring.tex
\integerpart=\count365
\decimalpart=\count366
)
Package: xstring 2023/01/14 v1.85 String manipulations (CT)
)
\AC@clearlist=\toks63
) (C:\Users\hp\AppData\Local\Programs\MiKTeX\tex/latex/tools\longtable.sty
Package: longtable 2021-09-01 v4.17 Multi-page Table package (DPC)
\LTleft=\skip195
\LTright=\skip196
\LTpre=\skip197
\LTpost=\skip198
\LTchunksize=\count367
\LTcapwidth=\dimen336
\LT@head=\box99
\LT@firsthead=\box100
\LT@foot=\box101
\LT@lastfoot=\box102
\LT@gbox=\box103
\LT@cols=\count368
\LT@rows=\count369
\c@LT@tables=\count370
\c@LT@chunks=\count371
\LT@p@ftn=\toks64
) (C:\Users\hp\AppData\Local\Programs\MiKTeX\tex/latex/caption\subcaption.sty
Package: subcaption 2023/02/19 v1.6 Sub-captions (AR)
Package caption Info: New subtype `subfigure' on input line 239.
\c@subfigure=\count372
Package caption Info: New subtype `subtable' on input line 239.
\c@subtable=\count373
)
\chapnumb=\skip199
 (main.aux)
\openout1 = `main.aux'.

LaTeX Font Info:    Checking defaults for OML/cmm/m/it on input line 141.
LaTeX Font Info:    ... okay on input line 141.
LaTeX Font Info:    Checking defaults for OMS/cmsy/m/n on input line 141.
LaTeX Font Info:    ... okay on input line 141.
LaTeX Font Info:    Checking defaults for OT1/cmr/m/n on input line 141.
LaTeX Font Info:    ... okay on input line 141.
LaTeX Font Info:    Checking defaults for T1/cmr/m/n on input line 141.
LaTeX Font Info:    ... okay on input line 141.
LaTeX Font Info:    Checking defaults for TS1/cmr/m/n on input line 141.
LaTeX Font Info:    ... okay on input line 141.
LaTeX Font Info:    Checking defaults for OMX/cmex/m/n on input line 141.
LaTeX Font Info:    ... okay on input line 141.
LaTeX Font Info:    Checking defaults for U/cmr/m/n on input line 141.
LaTeX Font Info:    ... okay on input line 141.
LaTeX Font Info:    Checking defaults for PD1/pdf/m/n on input line 141.
LaTeX Font Info:    ... okay on input line 141.
LaTeX Font Info:    Checking defaults for PU/pdf/m/n on input line 141.
LaTeX Font Info:    ... okay on input line 141.

*geometry* driver: auto-detecting
*geometry* detected driver: pdftex
*geometry* verbose mode - [ preamble ] result:
* driver: pdftex
* paper: a4paper
* layout: <same size as paper>
* layoutoffset:(h,v)=(0.0pt,0.0pt)
* modes: 
* h-part:(L,W,R)=(71.13188pt, 455.24411pt, 71.13188pt)
* v-part:(T,H,B)=(71.13188pt, 702.78308pt, 71.13188pt)
* \paperwidth=597.50787pt
* \paperheight=845.04684pt
* \textwidth=455.24411pt
* \textheight=702.78308pt
* \oddsidemargin=-1.1381pt
* \evensidemargin=-1.1381pt
* \topmargin=-38.1381pt
* \headheight=12.0pt
* \headsep=25.0pt
* \topskip=12.0pt
* \footskip=30.0pt
* \marginparwidth=35.0pt
* \marginparsep=10.0pt
* \columnsep=10.0pt
* \skip\footins=10.8pt plus 4.0pt minus 2.0pt
* \hoffset=0.0pt
* \voffset=0.0pt
* \mag=1000
* \@twocolumnfalse
* \@twosidefalse
* \@mparswitchfalse
* \@reversemarginfalse
* (1in=72.27pt=25.4mm, 1cm=28.453pt)

Package caption Info: Begin \AtBeginDocument code.
Package caption Info: french babel package is loaded.
Package caption Info: hyperref package is loaded.
Package caption Info: listings package is loaded.
Package caption Info: longtable package is loaded.
(C:\Users\hp\AppData\Local\Programs\MiKTeX\tex/latex/caption\ltcaption.sty
Package: ltcaption 2021/01/08 v1.4c longtable captions (AR)
)
Package caption Info: wrapfig package is loaded.
Package caption Info: End \AtBeginDocument code.
LaTeX Info: Redefining \degres on input line 141.
Package french.ldf Info: Setting StandardItemizeEnv=true for
(french.ldf)             compatibility with enumitem package,
(french.ldf)             reported on input line 141.
Package french.ldf Info: Setting StandardEnumerateEnv=true for
(french.ldf)             compatibility with enumitem package,
(french.ldf)             reported on input line 141.
LaTeX Info: Redefining \up on input line 141.
 (C:\Users\hp\AppData\Local\Programs\MiKTeX\tex/context/base/mkii\supp-pdf.mkii
[Loading MPS to PDF converter (version 2006.09.02).]
\scratchcounter=\count374
\scratchdimen=\dimen337
\scratchbox=\box104
\nofMPsegments=\count375
\nofMParguments=\count376
\everyMPshowfont=\toks65
\MPscratchCnt=\count377
\MPscratchDim=\dimen338
\MPnumerator=\count378
\makeMPintoPDFobject=\count379
\everyMPtoPDFconversion=\toks66
) (C:\Users\hp\AppData\Local\Programs\MiKTeX\tex/latex/epstopdf-pkg\epstopdf-base.sty
Package: epstopdf-base 2020-01-24 v2.11 Base part for package epstopdf
Package epstopdf-base Info: Redefining graphics rule for `.eps' on input line 485.
 (C:\Users\hp\AppData\Local\Programs\MiKTeX\tex/latex/00miktex\epstopdf-sys.cfg
File: epstopdf-sys.cfg 2021/03/18 v2.0 Configuration of epstopdf for MiKTeX
))
Package hyperref Info: Link coloring OFF on input line 141.
 (main.out) (main.out)
\@outlinefile=\write4
\openout4 = `main.out'.

\c@lstlisting=\count380
 (0-title.tex
<images/logosHeaders/ensias.png, id=325, 293.095pt x 248.93pt>
File: images/logosHeaders/ensias.png Graphic file (type png)
<use images/logosHeaders/ensias.png>
Package pdftex.def Info: images/logosHeaders/ensias.png  used on input line 9.
(pdftex.def)             Requested size: 100.50517pt x 85.35826pt.
LaTeX Font Info:    Trying to load font information for OT1+lmr on input line 10.
 (C:\Users\hp\AppData\Local\Programs\MiKTeX\tex/latex/lm\ot1lmr.fd
File: ot1lmr.fd 2015/05/01 v1.6.1 Font defs for Latin Modern
)
LaTeX Font Info:    Trying to load font information for OML+lmm on input line 10.
 (C:\Users\hp\AppData\Local\Programs\MiKTeX\tex/latex/lm\omllmm.fd
File: omllmm.fd 2015/05/01 v1.6.1 Font defs for Latin Modern
)
LaTeX Font Info:    Trying to load font information for OMS+lmsy on input line 10.
 (C:\Users\hp\AppData\Local\Programs\MiKTeX\tex/latex/lm\omslmsy.fd
File: omslmsy.fd 2015/05/01 v1.6.1 Font defs for Latin Modern
)
LaTeX Font Info:    Trying to load font information for OMX+lmex on input line 10.
 (C:\Users\hp\AppData\Local\Programs\MiKTeX\tex/latex/lm\omxlmex.fd
File: omxlmex.fd 2015/05/01 v1.6.1 Font defs for Latin Modern
)
LaTeX Font Info:    External font `lmex10' loaded for size
(Font)              <12> on input line 10.
LaTeX Font Info:    External font `lmex10' loaded for size
(Font)              <8> on input line 10.
LaTeX Font Info:    External font `lmex10' loaded for size
(Font)              <6> on input line 10.
LaTeX Font Info:    Trying to load font information for U+msa on input line 10.
 (C:\Users\hp\AppData\Local\Programs\MiKTeX\tex/latex/amsfonts\umsa.fd
File: umsa.fd 2013/01/14 v3.01 AMS symbols A
)
LaTeX Font Info:    Trying to load font information for U+msb on input line 10.
 (C:\Users\hp\AppData\Local\Programs\MiKTeX\tex/latex/amsfonts\umsb.fd
File: umsb.fd 2013/01/14 v3.01 AMS symbols B
)
LaTeX Font Info:    Trying to load font information for U+stmry on input line 10.
 (C:\Users\hp\AppData\Local\Programs\MiKTeX\tex/latex/stmaryrd\ustmry.fd)
<images/logos/SG_ABS.png, id=327, 298.86656pt x 95.6072pt>
File: images/logos/SG_ABS.png Graphic file (type png)
<use images/logos/SG_ABS.png>
Package pdftex.def Info: images/logos/SG_ABS.png  used on input line 13.
(pdftex.def)             Requested size: 275.73581pt x 88.2037pt.

Overfull \hbox (48.11375pt too wide) in paragraph at lines 13--14
 [][]
 []

[1


Non-PDF special ignored!
<special> header=tree-dvips91.pro
{C:/Users/hp/AppData/Local/MiKTeX/fonts/map/pdftex/pdftex.map}{C:/Users/hp/AppData/Local/Programs/MiKTeX/fonts/enc/dvips/lm/lm-ec.enc} <./images/logosHeaders/ensias.png> <./images/logos/SG_ABS.png>]) (1-dedicace.tex
pdfTeX warning (ext4): destination with the same identifier (name{page.I}) has been already used, duplicate ignored
<to be read again> 
                   \relax 
l.2     \mychapter{0}{Ddicaces}
                                  [1]
LaTeX Font Info:    Trying to load font information for T1+lmss on input line 2.
 (C:\Users\hp\AppData\Local\Programs\MiKTeX\tex/latex/lm\t1lmss.fd
File: t1lmss.fd 2015/05/01 v1.6.1 Font defs for Latin Modern
)) [2

] (2-remerciement.tex) [3

] (3-resume.tex
Underfull \hbox (badness 10000) in paragraph at lines 3--4

 []


Underfull \hbox (badness 10000) in paragraph at lines 5--6

 []


Underfull \hbox (badness 10000) in paragraph at lines 7--8

 []


Underfull \hbox (badness 10000) in paragraph at lines 9--10

 []


Underfull \hbox (badness 10000) in paragraph at lines 18--19

 []

) [4

] (4-resume_ang.tex
Underfull \hbox (badness 10000) in paragraph at lines 2--3

 []


Underfull \hbox (badness 10000) in paragraph at lines 4--5

 []


Underfull \hbox (badness 10000) in paragraph at lines 6--7

 []


Underfull \hbox (badness 10000) in paragraph at lines 8--9

 []


Underfull \hbox (badness 10000) in paragraph at lines 18--19

 []

) [5

] (5-acronymes.tex

LaTeX Warning: Hyper reference `acro:AFMO' on page VI undefined on input line 5.


LaTeX Warning: Hyper reference `acro:AFMO' on page VI undefined on input line 5.


LaTeX Warning: Hyper reference `acro:AFS' on page VI undefined on input line 8.


LaTeX Warning: Hyper reference `acro:AFS' on page VI undefined on input line 8.


LaTeX Warning: Hyper reference `acro:API' on page VI undefined on input line 11.


LaTeX Warning: Hyper reference `acro:API' on page VI undefined on input line 11.


LaTeX Warning: Hyper reference `acro:ATM' on page VI undefined on input line 14.


LaTeX Warning: Hyper reference `acro:ATM' on page VI undefined on input line 14.


LaTeX Warning: Hyper reference `acro:CBS' on page VI undefined on input line 17.


LaTeX Warning: Hyper reference `acro:CBS' on page VI undefined on input line 17.


LaTeX Warning: Hyper reference `acro:DiFa' on page VI undefined on input line 20.


LaTeX Warning: Hyper reference `acro:DiFa' on page VI undefined on input line 20.


LaTeX Warning: Hyper reference `acro:HF' on page VI undefined on input line 23.


LaTeX Warning: Hyper reference `acro:HF' on page VI undefined on input line 23.


LaTeX Warning: Hyper reference `acro:HPS' on page VI undefined on input line 26.


LaTeX Warning: Hyper reference `acro:HPS' on page VI undefined on input line 26.


LaTeX Warning: Hyper reference `acro:HT' on page VI undefined on input line 29.


LaTeX Warning: Hyper reference `acro:HT' on page VI undefined on input line 29.


LaTeX Warning: Hyper reference `acro:JSON' on page VI undefined on input line 32.


LaTeX Warning: Hyper reference `acro:JSON' on page VI undefined on input line 32.


LaTeX Warning: Hyper reference `acro:SA' on page VI undefined on input line 35.


LaTeX Warning: Hyper reference `acro:SA' on page VI undefined on input line 35.


LaTeX Warning: Hyper reference `acro:SG ABS' on page VI undefined on input line 38.


LaTeX Warning: Hyper reference `acro:SG ABS' on page VI undefined on input line 38.


LaTeX Warning: Hyper reference `acro:SMG' on page VI undefined on input line 41.


LaTeX Warning: Hyper reference `acro:SMG' on page VI undefined on input line 41.


LaTeX Warning: Hyper reference `acro:US' on page VI undefined on input line 44.


LaTeX Warning: Hyper reference `acro:US' on page VI undefined on input line 44.

) [6

] (main.lof [7

])
\tf@lof=\write5
\openout5 = `main.lof'.

 [8] (main.toc [9


])
\tf@toc=\write6
\openout6 = `main.toc'.

 [10] (6-introduction.tex
Underfull \hbox (badness 10000) in paragraph at lines 5--6

 []


Underfull \hbox (badness 10000) in paragraph at lines 7--8

 []


Underfull \hbox (badness 10000) in paragraph at lines 9--10

 []


Underfull \hbox (badness 10000) in paragraph at lines 11--12

 []


Underfull \hbox (badness 10000) in paragraph at lines 13--14

 []

) (7-contexte.tex
Underfull \hbox (badness 10000) in paragraph at lines 15--2

 []

[1


] [2]
Chapitre 1.

Overfull \hbox (5.22214pt too wide) in paragraph at lines 2--2
| [] []
 []

[3

]
LaTeX Font Info:    Trying to load font information for TS1+lmr on input line 22.
 (C:\Users\hp\AppData\Local\Programs\MiKTeX\tex/latex/lm\ts1lmr.fd
File: ts1lmr.fd 2015/05/01 v1.6.1 Font defs for Latin Modern
)
<images/logos/Societe Generale.png, id=587, 3136.71875pt x 2352.79pt>
File: images/logos/Societe Generale.png Graphic file (type png)
<use images/logos/Societe Generale.png>
Package pdftex.def Info: images/logos/Societe Generale.png  used on input line 34.
(pdftex.def)             Requested size: 132.72246pt x 99.58464pt.

Underfull \hbox (badness 10000) in paragraph at lines 39--40

 []

[4

{C:/Users/hp/AppData/Local/Programs/MiKTeX/fonts/enc/dvips/lm/lm-ts1.enc} <./images/logos/Societe Generale.png>]
Underfull \hbox (badness 10000) in paragraph at lines 41--42

 []


Underfull \hbox (badness 10000) in paragraph at lines 43--44

 []

File: images/logos/SG_ABS.png Graphic file (type png)
<use images/logos/SG_ABS.png>
Package pdftex.def Info: images/logos/SG_ABS.png  used on input line 47.
(pdftex.def)             Requested size: 133.41246pt x 42.67912pt.

Underfull \hbox (badness 7081) in paragraph at lines 80--81
[]|\T1/lmr/m/n/12 SOCIETE GE-NE-RALE AFRI-CAN
 []

LaTeX Font Info:    Trying to load font information for T1+lmtt on input line 82.
(C:\Users\hp\AppData\Local\Programs\MiKTeX\tex/latex/lm\t1lmtt.fd
File: t1lmtt.fd 2015/05/01 v1.6.1 Font defs for Latin Modern
)
Underfull \hbox (badness 10000) in paragraph at lines 82--83
[]|[]$\T1/lmtt/m/n/12 https : / / particuliers .
 []

[5] [6]
<images/contexte/ogranigramme2.png, id=608, 712.91344pt x 341.77687pt>
File: images/contexte/ogranigramme2.png Graphic file (type png)
<use images/contexte/ogranigramme2.png>
Package pdftex.def Info: images/contexte/ogranigramme2.png  used on input line 105.
(pdftex.def)             Requested size: 426.79134pt x 204.60876pt.
 [7 <./images/contexte/ogranigramme2.png>]
Underfull \hbox (badness 10000) in paragraph at lines 116--117

 []


Underfull \hbox (badness 10000) in paragraph at lines 118--119

 []


Underfull \hbox (badness 10000) in paragraph at lines 129--130

 []


Underfull \hbox (badness 10000) in paragraph at lines 137--138

 []


Underfull \hbox (badness 10000) in paragraph at lines 143--144

 []

<images/contexte/Difa.png, id=614, 489.465pt x 275.283pt>
File: images/contexte/Difa.png Graphic file (type png)
<use images/contexte/Difa.png>
Package pdftex.def Info: images/contexte/Difa.png  used on input line 149.
(pdftex.def)             Requested size: 426.79134pt x 240.04453pt.

LaTeX Warning: `!h' float specifier changed to `!ht'.

[8]
Underfull \hbox (badness 10000) in paragraph at lines 157--158

 []


Underfull \hbox (badness 10000) in paragraph at lines 162--163

 []

[9 <./images/contexte/Difa.png>]
Underfull \hbox (badness 10000) in paragraph at lines 164--165

 []


Underfull \hbox (badness 10000) in paragraph at lines 169--170

 []


Underfull \hbox (badness 10000) in paragraph at lines 171--172

 []


Underfull \hbox (badness 10000) in paragraph at lines 173--174

 []


Underfull \hbox (badness 10000) in paragraph at lines 175--176

 []

[10]
Underfull \hbox (badness 10000) in paragraph at lines 177--178

 []

[11]
<images/conduite/SCRUM.png, id=633, 454.69875pt x 215.80624pt>
File: images/conduite/SCRUM.png Graphic file (type png)
<use images/conduite/SCRUM.png>
Package pdftex.def Info: images/conduite/SCRUM.png  used on input line 198.
(pdftex.def)             Requested size: 398.33858pt x 189.0605pt.
 [12 <./images/conduite/SCRUM.png>]
Underfull \hbox (badness 10000) in paragraph at lines 210--211

 []


Underfull \hbox (badness 10000) in paragraph at lines 219--220

 []


Underfull \hbox (badness 10000) in paragraph at lines 230--231

 []

[13]
<images/conduite/gantt.png, id=643, 995.21812pt x 511.15968pt>
File: images/conduite/gantt.png Graphic file (type png)
<use images/conduite/gantt.png>
Package pdftex.def Info: images/conduite/gantt.png  used on input line 260.
(pdftex.def)             Requested size: 455.24408pt x 233.82596pt.


LaTeX Warning: `!h' float specifier changed to `!ht'.

[14{C:/Users/hp/AppData/Local/Programs/MiKTeX/fonts/enc/dvips/lm/lm-mathsy.enc}]
Underfull \hbox (badness 10000) in paragraph at lines 266--267

 []


Underfull \hbox (badness 10000) in paragraph at lines 268--269

 []


Underfull \hbox (badness 10000) in paragraph at lines 270--271

 []

<images/logos/jira.png, id=650, 179.16937pt x 159.59625pt>
File: images/logos/jira.png Graphic file (type png)
<use images/logos/jira.png>
Package pdftex.def Info: images/logos/jira.png  used on input line 287.
(pdftex.def)             Requested size: 95.82596pt x 85.35826pt.
[15 <./images/conduite/gantt.png>]
<images/logos/microsoftTeams.png, id=656, 241.65282pt x 135.50626pt>
File: images/logos/microsoftTeams.png Graphic file (type png)
<use images/logos/microsoftTeams.png>
Package pdftex.def Info: images/logos/microsoftTeams.png  used on input line 297.
(pdftex.def)             Requested size: 152.22733pt x 85.35826pt.
<images/logos/Confluence.png, id=657, 249.18094pt x 166.37157pt>
File: images/logos/Confluence.png Graphic file (type png)
<use images/logos/Confluence.png>
Package pdftex.def Info: images/logos/Confluence.png  used on input line 307.
(pdftex.def)             Requested size: 127.84482pt x 85.35826pt.


LaTeX Warning: `!h' float specifier changed to `!ht'.

[16 <./images/logos/jira.png> <./images/logos/microsoftTeams.png>]) (9-etude.tex [17 <./images/logos/Confluence.png>]
Chapitre 2.

Overfull \hbox (5.22214pt too wide) in paragraph at lines 1--1
| [] []
 []

[18

]
Underfull \hbox (badness 10000) in paragraph at lines 12--13

 []


Underfull \hbox (badness 10000) in paragraph at lines 14--15

 []

[19

]
Underfull \hbox (badness 10000) in paragraph at lines 47--48

 []


Underfull \hbox (badness 10000) in paragraph at lines 50--51

 []


Underfull \hbox (badness 10000) in paragraph at lines 52--53

 []


Underfull \hbox (badness 10000) in paragraph at lines 57--58

 []

[20] [21] [22]
Underfull \hbox (badness 10000) in paragraph at lines 92--93

 []

<images/diagramms/useCase.png, id=690, 3978.865pt x 3049.3925pt>
File: images/diagramms/useCase.png Graphic file (type png)
<use images/diagramms/useCase.png>
Package pdftex.def Info: images/diagramms/useCase.png  used on input line 98.
(pdftex.def)             Requested size: 455.24408pt x 348.88136pt.
[23 <./images/diagramms/useCase.png>]
Underfull \hbox (badness 10000) in paragraph at lines 111--112

 []


Underfull \hbox (badness 10000) in paragraph at lines 113--114

 []


Underfull \hbox (badness 10000) in paragraph at lines 115--116

 []


Underfull \hbox (badness 10000) in paragraph at lines 117--118

 []


Underfull \hbox (badness 10000) in paragraph at lines 119--120

 []


Underfull \hbox (badness 10000) in paragraph at lines 121--122

 []


Underfull \hbox (badness 10000) in paragraph at lines 123--124

 []

) (10-conception.tex [24] [25]
Chapitre 3.

Overfull \hbox (5.22214pt too wide) in paragraph at lines 1--1
| [] []
 []

[26

]
Underfull \hbox (badness 10000) in paragraph at lines 8--9

 []


Underfull \hbox (badness 10000) in paragraph at lines 10--11

 []


Underfull \hbox (badness 10000) in paragraph at lines 15--16

 []


Underfull \hbox (badness 10000) in paragraph at lines 17--18

 []

<images/conception/architectureUNIBANK.png, id=709, 455.45157pt x 249.93375pt>
File: images/conception/architectureUNIBANK.png Graphic file (type png)
<use images/conception/architectureUNIBANK.png>
Package pdftex.def Info: images/conception/architectureUNIBANK.png  used on input line 23.
(pdftex.def)             Requested size: 455.24408pt x 249.82634pt.

LaTeX Warning: `!h' float specifier changed to `!ht'.

[27

]
Underfull \hbox (badness 10000) in paragraph at lines 37--38

 []

<images/conception/hexagonal.png, id=714, 455.45157pt x 233.37187pt>
File: images/conception/hexagonal.png Graphic file (type png)
<use images/conception/hexagonal.png>
Package pdftex.def Info: images/conception/hexagonal.png  used on input line 43.
(pdftex.def)             Requested size: 455.24408pt x 233.27158pt.

LaTeX Warning: `!h' float specifier changed to `!ht'.

[28 <./images/conception/architectureUNIBANK.png>] [29 <./images/conception/hexagonal.png>]
<images/conception/architectureTechnique.png, id=725, 455.301pt x 421.4655pt>
File: images/conception/architectureTechnique.png Graphic file (type png)
<use images/conception/architectureTechnique.png>
Package pdftex.def Info: images/conception/architectureTechnique.png  used on input line 77.
(pdftex.def)             Requested size: 455.24408pt x 421.42587pt.
 [30 <./images/conception/architectureTechnique.png>]
<images/conception/exempleDeDonnees.png, id=731, 407.72325pt x 406.51875pt>
File: images/conception/exempleDeDonnees.png Graphic file (type png)
<use images/conception/exempleDeDonnees.png>
Package pdftex.def Info: images/conception/exempleDeDonnees.png  used on input line 90.
(pdftex.def)             Requested size: 455.24408pt x 453.90222pt.
 [31 <./images/conception/exempleDeDonnees.png>]
Underfull \hbox (badness 10000) in paragraph at lines 96--97

 []


Underfull \hbox (badness 10000) in paragraph at lines 99--100

 []

<images/conception/algorithme.png, id=739, 455.45157pt x 255.95625pt>
File: images/conception/algorithme.png Graphic file (type png)
<use images/conception/algorithme.png>
Package pdftex.def Info: images/conception/algorithme.png  used on input line 105.
(pdftex.def)             Requested size: 455.24408pt x 255.84625pt.

Underfull \hbox (badness 10000) in paragraph at lines 113--114

 []


Underfull \hbox (badness 10000) in paragraph at lines 115--116

 []

[32{C:/Users/hp/AppData/Local/Programs/MiKTeX/fonts/enc/dvips/lm/lm-mathit.enc} <./images/conception/algorithme.png>]
Underfull \hbox (badness 10000) in paragraph at lines 117--118

 []


Underfull \hbox (badness 10000) in paragraph at lines 119--120

 []


Underfull \hbox (badness 10000) in paragraph at lines 121--122

 []


Underfull \hbox (badness 10000) in paragraph at lines 123--124

 []


Underfull \hbox (badness 10000) in paragraph at lines 125--126

 []


Underfull \hbox (badness 10000) in paragraph at lines 130--131

 []


Underfull \hbox (badness 10000) in paragraph at lines 132--133

 []


Underfull \hbox (badness 10000) in paragraph at lines 134--135

 []

[33]
<images/conception/monoRepo.png, id=753, 5203.44pt x 2601.72pt>
File: images/conception/monoRepo.png Graphic file (type png)
<use images/conception/monoRepo.png>
Package pdftex.def Info: images/conception/monoRepo.png  used on input line 140.
(pdftex.def)             Requested size: 455.24408pt x 227.59436pt.
<images/conception/architectureFRONT.jpg, id=754, 767.11594pt x 441.90094pt>
File: images/conception/architectureFRONT.jpg Graphic file (type jpg)
<use images/conception/architectureFRONT.jpg>
Package pdftex.def Info: images/conception/architectureFRONT.jpg  used on input line 147.
(pdftex.def)             Requested size: 398.33858pt x 229.46616pt.
 [34 <./images/conception/monoRepo.png> <./images/conception/architectureFRONT.jpg>]
Underfull \hbox (badness 10000) in paragraph at lines 162--163

 []


Underfull \hbox (badness 10000) in paragraph at lines 164--165

 []

<images/conception/teant.jpg, id=760, 511.9125pt x 170.88844pt>
File: images/conception/teant.jpg Graphic file (type jpg)
<use images/conception/teant.jpg>
Package pdftex.def Info: images/conception/teant.jpg  used on input line 169.
(pdftex.def)             Requested size: 398.33858pt x 132.97432pt.

Underfull \hbox (badness 10000) in paragraph at lines 174--175

 []

[35 <./images/conception/teant.jpg>]
Underfull \hbox (badness 10000) in paragraph at lines 176--177

 []

<images/conception/flagging.png, id=765, 511.9125pt x 227.34938pt>
File: images/conception/flagging.png Graphic file (type png)
<use images/conception/flagging.png>
Package pdftex.def Info: images/conception/flagging.png  used on input line 181.
(pdftex.def)             Requested size: 398.33858pt x 176.90857pt.
<images/conception/diagramme_classe.png, id=766, 968.8998pt x 699.5736pt>
File: images/conception/diagramme_classe.png Graphic file (type png)
<use images/conception/diagramme_classe.png>
Package pdftex.def Info: images/conception/diagramme_classe.png  used on input line 191.
(pdftex.def)             Requested size: 455.24408pt x 328.70357pt.

LaTeX Warning: `!h' float specifier changed to `!ht'.

<images/conception/sequence_cards2.png, id=767, 1650.165pt x 894.34125pt>
File: images/conception/sequence_cards2.png Graphic file (type png)
<use images/conception/sequence_cards2.png>
Package pdftex.def Info: images/conception/sequence_cards2.png  used on input line 199.
(pdftex.def)             Requested size: 398.33858pt x 215.88812pt.
[36 <./images/conception/flagging.png>]
Underfull \hbox (badness 10000) in paragraph at lines 203--206

 []

[37 <./images/conception/diagramme_classe.png> <./images/conception/sequence_cards2.png>]
Underfull \hbox (badness 10000) in paragraph at lines 207--210

 []

[38]
<images/conception/sequence_products.png, id=784, 740.7675pt x 340.27126pt>
File: images/conception/sequence_products.png Graphic file (type png)
<use images/conception/sequence_products.png>
Package pdftex.def Info: images/conception/sequence_products.png  used on input line 219.
(pdftex.def)             Requested size: 398.33858pt x 182.9805pt.

Overfull \hbox (0.25145pt too wide) in paragraph at lines 222--224
\T1/lmr/m/n/12 (loop) pour r-cu-p-rer tous les pro-duits as-so-cis  l'uti-li-sa-teur via le pro-vi-der "Corebanking-
 []

[39 <./images/conception/sequence_products.png>]
<images/conception/sequence_souscription.png, id=790, 914.41624pt x 675.52374pt>
File: images/conception/sequence_souscription.png Graphic file (type png)
<use images/conception/sequence_souscription.png>
Package pdftex.def Info: images/conception/sequence_souscription.png  used on input line 229.
(pdftex.def)             Requested size: 398.33858pt x 294.27307pt.
) (11-realisation.tex [40 <./images/conception/sequence_souscription.png>] [41]
Chapitre 4.

Overfull \hbox (5.22214pt too wide) in paragraph at lines 1--1
| [] []
 []

[42

]
Underfull \hbox (badness 10000) in paragraph at lines 7--8

 []


Underfull \hbox (badness 10000) in paragraph at lines 9--10

 []


Underfull \hbox (badness 10000) in paragraph at lines 11--12

 []


Underfull \hbox (badness 10000) in paragraph at lines 13--14

 []

[43

]
Underfull \hbox (badness 10000) in paragraph at lines 44--45

 []


Underfull \hbox (badness 10000) in paragraph at lines 62--63

 []

[44]
Underfull \hbox (badness 10000) in paragraph at lines 83--84

 []

[45]
Underfull \hbox (badness 10000) in paragraph at lines 127--128

 []


Underfull \hbox (badness 10000) in paragraph at lines 138--139

 []


Underfull \hbox (badness 10000) in paragraph at lines 148--149

 []

[46]
Underfull \hbox (badness 10000) in paragraph at lines 158--159

 []


Underfull \hbox (badness 10000) in paragraph at lines 168--169

 []


Underfull \hbox (badness 10000) in paragraph at lines 179--180

 []


Underfull \hbox (badness 10000) in paragraph at lines 190--191

 []


Underfull \hbox (badness 10000) in paragraph at lines 201--202

 []

[47]
Underfull \hbox (badness 10000) in paragraph at lines 211--212

 []


Underfull \hbox (badness 10000) in paragraph at lines 238--239

 []


Underfull \hbox (badness 10000) in paragraph at lines 250--251

 []

[48]
Underfull \hbox (badness 10000) in paragraph at lines 260--261

 []


Underfull \hbox (badness 10000) in paragraph at lines 270--271

 []


Underfull \hbox (badness 10000) in paragraph at lines 280--281

 []


Underfull \hbox (badness 10000) in paragraph at lines 290--291

 []

[49]
Underfull \hbox (badness 10000) in paragraph at lines 325--329

 []

[50] [51]
Underfull \hbox (badness 10000) in paragraph at lines 447--448

 []


Underfull \hbox (badness 10000) in paragraph at lines 451--452

 []

[52]
<images/screens/accueil/desktop.png, id=846, 1807.75375pt x 1199.48125pt>
File: images/screens/accueil/desktop.png Graphic file (type png)
<use images/screens/accueil/desktop.png>
Package pdftex.def Info: images/screens/accueil/desktop.png  used on input line 458.
(pdftex.def)             Requested size: 223.07211pt x 148.01302pt.
<images/screens/home/desktop.png, id=847, 1807.75375pt x 1199.48125pt>
File: images/screens/home/desktop.png Graphic file (type png)
<use images/screens/home/desktop.png>
Package pdftex.def Info: images/screens/home/desktop.png  used on input line 464.
(pdftex.def)             Requested size: 223.07211pt x 148.01302pt.
 [53 <./images/screens/accueil/desktop.png> <./images/screens/home/desktop.png>]
<images/screens/accueil/tablette.png, id=855, 1129.21875pt x 1990.43625pt>
File: images/screens/accueil/tablette.png Graphic file (type png)
<use images/screens/accueil/tablette.png>
Package pdftex.def Info: images/screens/accueil/tablette.png  used on input line 476.
(pdftex.def)             Requested size: 223.07211pt x 393.19038pt.
<images/screens/home/tablette.png, id=856, 1129.21875pt x 1990.43625pt>
File: images/screens/home/tablette.png Graphic file (type png)
<use images/screens/home/tablette.png>
Package pdftex.def Info: images/screens/home/tablette.png  used on input line 482.
(pdftex.def)             Requested size: 223.07211pt x 393.19038pt.
 [54 <./images/screens/accueil/tablette.png> <./images/screens/home/tablette.png>]
<images/screens/accueil/mob.png, id=863, 501.875pt x 1447.4075pt>
File: images/screens/accueil/mob.png Graphic file (type png)
<use images/screens/accueil/mob.png>
Package pdftex.def Info: images/screens/accueil/mob.png  used on input line 494.
(pdftex.def)             Requested size: 223.07211pt x 643.35446pt.
<images/screens/home/mob.png, id=864, 501.875pt x 1447.4075pt>
File: images/screens/home/mob.png Graphic file (type png)
<use images/screens/home/mob.png>
Package pdftex.def Info: images/screens/home/mob.png  used on input line 500.
(pdftex.def)             Requested size: 223.07211pt x 643.35446pt.
 [55 <./images/screens/accueil/mob.png> <./images/screens/home/mob.png>]
Underfull \hbox (badness 10000) in paragraph at lines 509--510

 []


Underfull \hbox (badness 10000) in paragraph at lines 511--512

 []

<images/screens/switch/desktop-switch.png, id=871, 1498.59875pt x 837.1275pt>
File: images/screens/switch/desktop-switch.png Graphic file (type png)
<use images/screens/switch/desktop-switch.png>
Package pdftex.def Info: images/screens/switch/desktop-switch.png  used on input line 516.
(pdftex.def)             Requested size: 455.24408pt x 254.29524pt.
<images/screens/switch/desktop-fr.png, id=872, 1498.59875pt x 837.1275pt>
File: images/screens/switch/desktop-fr.png Graphic file (type png)
<use images/screens/switch/desktop-fr.png>
Package pdftex.def Info: images/screens/switch/desktop-fr.png  used on input line 524.
(pdftex.def)             Requested size: 223.07211pt x 124.60568pt.
<images/screens/switch/desktop-ang.png, id=873, 1498.59875pt x 837.1275pt>
File: images/screens/switch/desktop-ang.png Graphic file (type png)
<use images/screens/switch/desktop-ang.png>
Package pdftex.def Info: images/screens/switch/desktop-ang.png  used on input line 530.
(pdftex.def)             Requested size: 223.07211pt x 124.60568pt.
[56 <./images/screens/switch/desktop-switch.png (PNG copy)> <./images/screens/switch/desktop-fr.png (PNG copy)> <./images/screens/switch/desktop-ang.png (PNG copy)>]
<images/screens/switch/mob-fr.png, id=879, 585.18625pt x 1216.545pt>
File: images/screens/switch/mob-fr.png Graphic file (type png)
<use images/screens/switch/mob-fr.png>
Package pdftex.def Info: images/screens/switch/mob-fr.png  used on input line 541.
(pdftex.def)             Requested size: 223.07211pt x 463.73982pt.
<images/screens/switch/mob-ang.png, id=880, 585.18625pt x 1216.545pt>
File: images/screens/switch/mob-ang.png Graphic file (type png)
<use images/screens/switch/mob-ang.png>
Package pdftex.def Info: images/screens/switch/mob-ang.png  used on input line 547.
(pdftex.def)             Requested size: 223.07211pt x 463.73982pt.
<images/screens/cartes/desktop.png, id=881, 1807.75375pt x 1588.93625pt>
File: images/screens/cartes/desktop.png Graphic file (type png)
<use images/screens/cartes/desktop.png>
Package pdftex.def Info: images/screens/cartes/desktop.png  used on input line 559.
(pdftex.def)             Requested size: 223.07211pt x 196.0708pt.
<images/screens/cards/desktop.png, id=882, 1807.75375pt x 1588.93625pt>
File: images/screens/cards/desktop.png Graphic file (type png)
<use images/screens/cards/desktop.png>
Package pdftex.def Info: images/screens/cards/desktop.png  used on input line 565.
(pdftex.def)             Requested size: 223.07211pt x 196.0708pt.
 [57 <./images/screens/switch/mob-fr.png> <./images/screens/switch/mob-ang.png>]
<images/screens/cartes/tablette.png, id=889, 1129.21875pt x 1616.0375pt>
File: images/screens/cartes/tablette.png Graphic file (type png)
<use images/screens/cartes/tablette.png>
Package pdftex.def Info: images/screens/cartes/tablette.png  used on input line 577.
(pdftex.def)             Requested size: 223.07211pt x 319.23172pt.
<images/screens/cards/tablette.png, id=890, 1129.21875pt x 1638.12pt>
File: images/screens/cards/tablette.png Graphic file (type png)
<use images/screens/cards/tablette.png>
Package pdftex.def Info: images/screens/cards/tablette.png  used on input line 583.
(pdftex.def)             Requested size: 223.07211pt x 323.59389pt.
 [58 <./images/screens/cartes/desktop.png> <./images/screens/cards/desktop.png> <./images/screens/cartes/tablette.png> <./images/screens/cards/tablette.png>]
<images/screens/cartes/mob.png, id=899, 585.18625pt x 1588.93625pt>
File: images/screens/cartes/mob.png Graphic file (type png)
<use images/screens/cartes/mob.png>
Package pdftex.def Info: images/screens/cartes/mob.png  used on input line 596.
(pdftex.def)             Requested size: 223.07211pt x 605.69318pt.
<images/screens/cards/mob.png, id=900, 585.18625pt x 1588.93625pt>
File: images/screens/cards/mob.png Graphic file (type png)
<use images/screens/cards/mob.png>
Package pdftex.def Info: images/screens/cards/mob.png  used on input line 602.
(pdftex.def)             Requested size: 223.07211pt x 605.69318pt.
 [59 <./images/screens/cartes/mob.png> <./images/screens/cards/mob.png>]
<images/screens/mobileApp/device/Cards Home D.png, id=907, 395.4775pt x 716.6775pt>
File: images/screens/mobileApp/device/Cards Home D.png Graphic file (type png)
<use images/screens/mobileApp/device/Cards Home D.png>
Package pdftex.def Info: images/screens/mobileApp/device/Cards Home D.png  used on input line 614.
(pdftex.def)             Requested size: 223.07211pt x 404.24554pt.
<images/screens/mobileApp/device/Cards Details D.png, id=908, 395.4775pt x 716.6775pt>
File: images/screens/mobileApp/device/Cards Details D.png Graphic file (type png)
<use images/screens/mobileApp/device/Cards Details D.png>
Package pdftex.def Info: images/screens/mobileApp/device/Cards Details D.png  used on input line 619.
(pdftex.def)             Requested size: 223.07211pt x 404.24554pt.
 [60 <./images/screens/mobileApp/device/Cards Home D.png> <./images/screens/mobileApp/device/Cards Details D.png>]
<images/screens/cartes/mob-button.png, id=915, 585.18625pt x 1588.93625pt>
File: images/screens/cartes/mob-button.png Graphic file (type png)
<use images/screens/cartes/mob-button.png>
Package pdftex.def Info: images/screens/cartes/mob-button.png  used on input line 630.
(pdftex.def)             Requested size: 223.07211pt x 605.69318pt.
<images/screens/cards/mob-button.png, id=916, 585.18625pt x 1588.93625pt>
File: images/screens/cards/mob-button.png Graphic file (type png)
<use images/screens/cards/mob-button.png>
Package pdftex.def Info: images/screens/cards/mob-button.png  used on input line 636.
(pdftex.def)             Requested size: 223.07211pt x 605.69318pt.
 [61 <./images/screens/cartes/mob-button.png> <./images/screens/cards/mob-button.png>]
<images/screens/cartes/mob-details.png, id=923, 438.8897pt x 607.51968pt>
File: images/screens/cartes/mob-details.png Graphic file (type png)
<use images/screens/cartes/mob-details.png>
Package pdftex.def Info: images/screens/cartes/mob-details.png  used on input line 648.
(pdftex.def)             Requested size: 223.07211pt x 308.78342pt.
<images/screens/cards/mob-details.png, id=924, 438.8897pt x 615.80063pt>
File: images/screens/cards/mob-details.png Graphic file (type png)
<use images/screens/cards/mob-details.png>
Package pdftex.def Info: images/screens/cards/mob-details.png  used on input line 654.
(pdftex.def)             Requested size: 223.07211pt x 312.99237pt.
 [62 <./images/screens/cartes/mob-details.png> <./images/screens/cards/mob-details.png>]
<images/screens/mobileApp/device/Cards Transactions Details D.png, id=932, 395.4775pt x 716.6775pt>
File: images/screens/mobileApp/device/Cards Transactions Details D.png Graphic file (type png)
<use images/screens/mobileApp/device/Cards Transactions Details D.png>
Package pdftex.def Info: images/screens/mobileApp/device/Cards Transactions Details D.png  used on input line 666.
(pdftex.def)             Requested size: 223.07211pt x 404.24554pt.

Underfull \hbox (badness 10000) in paragraph at lines 672--673

 []

[63 <./images/screens/mobileApp/device/Cards Transactions Details D.png>]
<images/screens/plafondsNat/desktop.png, id=938, 1807.75375pt x 1387.1825pt>
File: images/screens/plafondsNat/desktop.png Graphic file (type png)
<use images/screens/plafondsNat/desktop.png>
Package pdftex.def Info: images/screens/plafondsNat/desktop.png  used on input line 681.
(pdftex.def)             Requested size: 223.07211pt x 171.17488pt.
<images/screens/limitsnat/desktop.png, id=939, 1807.75375pt x 1387.1825pt>
File: images/screens/limitsnat/desktop.png Graphic file (type png)
<use images/screens/limitsnat/desktop.png>
Package pdftex.def Info: images/screens/limitsnat/desktop.png  used on input line 687.
(pdftex.def)             Requested size: 223.07211pt x 171.17488pt.
<images/screens/plafondsNat/tablette.png, id=940, 1129.21875pt x 1457.445pt>
File: images/screens/plafondsNat/tablette.png Graphic file (type png)
<use images/screens/plafondsNat/tablette.png>
Package pdftex.def Info: images/screens/plafondsNat/tablette.png  used on input line 697.
(pdftex.def)             Requested size: 223.07211pt x 287.9034pt.
<images/screens/limitsnat/tablette.png, id=941, 1129.21875pt x 1457.445pt>
File: images/screens/limitsnat/tablette.png Graphic file (type png)
<use images/screens/limitsnat/tablette.png>
Package pdftex.def Info: images/screens/limitsnat/tablette.png  used on input line 703.
(pdftex.def)             Requested size: 223.07211pt x 287.9034pt.
 [64 <./images/screens/plafondsNat/desktop.png> <./images/screens/limitsnat/desktop.png> <./images/screens/plafondsNat/tablette.png> <./images/screens/limitsnat/tablette.png>]
<images/screens/plafondsNat/mob.png, id=950, 585.18625pt x 1393.205pt>
File: images/screens/plafondsNat/mob.png Graphic file (type png)
<use images/screens/plafondsNat/mob.png>
Package pdftex.def Info: images/screens/plafondsNat/mob.png  used on input line 715.
(pdftex.def)             Requested size: 223.07211pt x 531.08157pt.
<images/screens/limitsnat/mob.png, id=951, 585.18625pt x 1393.205pt>
File: images/screens/limitsnat/mob.png Graphic file (type png)
<use images/screens/limitsnat/mob.png>
Package pdftex.def Info: images/screens/limitsnat/mob.png  used on input line 721.
(pdftex.def)             Requested size: 223.07211pt x 531.08157pt.
 [65 <./images/screens/plafondsNat/mob.png> <./images/screens/limitsnat/mob.png>]
<images/screens/mobileApp/device/Cards Limits D.png, id=958, 395.4775pt x 716.6775pt>
File: images/screens/mobileApp/device/Cards Limits D.png Graphic file (type png)
<use images/screens/mobileApp/device/Cards Limits D.png>
Package pdftex.def Info: images/screens/mobileApp/device/Cards Limits D.png  used on input line 732.
(pdftex.def)             Requested size: 223.07211pt x 404.24554pt.
<images/screens/mobileApp/device/Cards Limits Details D.png, id=959, 395.4775pt x 716.6775pt>
File: images/screens/mobileApp/device/Cards Limits Details D.png Graphic file (type png)
<use images/screens/mobileApp/device/Cards Limits Details D.png>
Package pdftex.def Info: images/screens/mobileApp/device/Cards Limits Details D.png  used on input line 736.
(pdftex.def)             Requested size: 223.07211pt x 404.24554pt.
 [66 <./images/screens/mobileApp/device/Cards Limits D.png> <./images/screens/mobileApp/device/Cards Limits Details D.png>]
<images/screens/plafondsInter/desktop.png, id=966, 1807.75375pt x 1387.1825pt>
File: images/screens/plafondsInter/desktop.png Graphic file (type png)
<use images/screens/plafondsInter/desktop.png>
Package pdftex.def Info: images/screens/plafondsInter/desktop.png  used on input line 748.
(pdftex.def)             Requested size: 223.07211pt x 171.17488pt.
<images/screens/limitsInter/desktop.png, id=967, 1807.75375pt x 1387.1825pt>
File: images/screens/limitsInter/desktop.png Graphic file (type png)
<use images/screens/limitsInter/desktop.png>
Package pdftex.def Info: images/screens/limitsInter/desktop.png  used on input line 754.
(pdftex.def)             Requested size: 223.07211pt x 171.17488pt.
<images/screens/plafondsInter/tablette.png, id=968, 1129.21875pt x 1457.445pt>
File: images/screens/plafondsInter/tablette.png Graphic file (type png)
<use images/screens/plafondsInter/tablette.png>
Package pdftex.def Info: images/screens/plafondsInter/tablette.png  used on input line 764.
(pdftex.def)             Requested size: 223.07211pt x 287.9034pt.
<images/screens/limitsInter/tablette.png, id=969, 1129.21875pt x 1457.445pt>
File: images/screens/limitsInter/tablette.png Graphic file (type png)
<use images/screens/limitsInter/tablette.png>
Package pdftex.def Info: images/screens/limitsInter/tablette.png  used on input line 770.
(pdftex.def)             Requested size: 223.07211pt x 287.9034pt.
 [67 <./images/screens/plafondsInter/desktop.png> <./images/screens/limitsInter/desktop.png> <./images/screens/plafondsInter/tablette.png> <./images/screens/limitsInter/tablette.png>]
<images/screens/plafondsInter/mob.png, id=978, 585.18625pt x 1393.205pt>
File: images/screens/plafondsInter/mob.png Graphic file (type png)
<use images/screens/plafondsInter/mob.png>
Package pdftex.def Info: images/screens/plafondsInter/mob.png  used on input line 781.
(pdftex.def)             Requested size: 223.07211pt x 531.08157pt.
<images/screens/limitsInter/mob.png, id=979, 585.18625pt x 1393.205pt>
File: images/screens/limitsInter/mob.png Graphic file (type png)
<use images/screens/limitsInter/mob.png>
Package pdftex.def Info: images/screens/limitsInter/mob.png  used on input line 787.
(pdftex.def)             Requested size: 223.07211pt x 531.08157pt.

Underfull \hbox (badness 10000) in paragraph at lines 795--796

 []

[68 <./images/screens/plafondsInter/mob.png> <./images/screens/limitsInter/mob.png>]
<images/screens/produits/desktop.png, id=987, 1807.75375pt x 1674.255pt>
File: images/screens/produits/desktop.png Graphic file (type png)
<use images/screens/produits/desktop.png>
Package pdftex.def Info: images/screens/produits/desktop.png  used on input line 803.
(pdftex.def)             Requested size: 223.07211pt x 206.59892pt.
<images/screens/products/desktop.png, id=988, 1807.75375pt x 1703.36375pt>
File: images/screens/products/desktop.png Graphic file (type png)
<use images/screens/products/desktop.png>
Package pdftex.def Info: images/screens/products/desktop.png  used on input line 809.
(pdftex.def)             Requested size: 223.07211pt x 210.19087pt.
 [69 <./images/screens/produits/desktop.png> <./images/screens/products/desktop.png>]
<images/screens/produits/tablette.png, id=995, 998.73125pt x 1989.4325pt>
File: images/screens/produits/tablette.png Graphic file (type png)
<use images/screens/produits/tablette.png>
Package pdftex.def Info: images/screens/produits/tablette.png  used on input line 820.
(pdftex.def)             Requested size: 223.07211pt x 444.35489pt.
<images/screens/products/tablette.png, id=996, 998.73125pt x 2017.5375pt>
File: images/screens/products/tablette.png Graphic file (type png)
<use images/screens/products/tablette.png>
Package pdftex.def Info: images/screens/products/tablette.png  used on input line 826.
(pdftex.def)             Requested size: 223.07211pt x 450.63235pt.
 [70 <./images/screens/produits/tablette.png> <./images/screens/products/tablette.png>]
<images/screens/produits/mob.png, id=1003, 585.18625pt x 1459.4525pt>
File: images/screens/produits/mob.png Graphic file (type png)
<use images/screens/produits/mob.png>
Package pdftex.def Info: images/screens/produits/mob.png  used on input line 837.
(pdftex.def)             Requested size: 223.07211pt x 556.33473pt.
<images/screens/products/mob.png, id=1004, 585.18625pt x 1459.4525pt>
File: images/screens/products/mob.png Graphic file (type png)
<use images/screens/products/mob.png>
Package pdftex.def Info: images/screens/products/mob.png  used on input line 843.
(pdftex.def)             Requested size: 223.07211pt x 556.33473pt.

Underfull \hbox (badness 10000) in paragraph at lines 851--852

 []

<images/screens/produits/desktop-button.png, id=1005, 1807.75375pt x 1674.255pt>
File: images/screens/produits/desktop-button.png Graphic file (type png)
<use images/screens/produits/desktop-button.png>
Package pdftex.def Info: images/screens/produits/desktop-button.png  used on input line 855.
(pdftex.def)             Requested size: 455.24408pt x 421.62837pt.
[71 <./images/screens/produits/mob.png> <./images/screens/products/mob.png>]
<images/screens/produits/Rcapitulatif.png, id=1012, 801.99625pt x 1121.18875pt>
File: images/screens/produits/Rcapitulatif.png Graphic file (type png)
<use images/screens/produits/Rcapitulatif.png>
Package pdftex.def Info: images/screens/produits/Rcapitulatif.png  used on input line 862.
(pdftex.def)             Requested size: 455.24408pt x 636.44962pt.
 [72 <./images/screens/produits/desktop-button.png>] [73 <./images/screens/produits/Rcapitulatif.png>]
<images/realisation/cypressLanguage.png, id=1023, 1118.37825pt x 650.43pt>
File: images/realisation/cypressLanguage.png Graphic file (type png)
<use images/realisation/cypressLanguage.png>
Package pdftex.def Info: images/realisation/cypressLanguage.png  used on input line 902.
(pdftex.def)             Requested size: 455.24408pt x 264.75262pt.


LaTeX Warning: `!h' float specifier changed to `!ht'.

[74] [75 <./images/realisation/cypressLanguage.png>]) (12-Conclusion_generale.tex [76]
Underfull \hbox (badness 10000) in paragraph at lines 3--4

 []


Underfull \hbox (badness 10000) in paragraph at lines 5--6

 []


Underfull \hbox (badness 10000) in paragraph at lines 7--8

 []

) [77

] (main.bbl
Overfull \hbox (43.07448pt too wide) in paragraph at lines 4--8
[] []\T1/lmr/m/n/12 Coach agile.  []$\T1/lmtt/m/n/12 https : / / jedisquad . fr / differences-[]entre-[]coachagile-[]et-[]scrum-[]master.$[]
 []


Underfull \hbox (badness 10000) in paragraph at lines 25--29
[] []\T1/lmr/m/n/12 Equipe de d-ve-lop-pe-ment.  []$\T1/lmtt/m/n/12 https : / / scrum-[]league . org / tribune /
 []


Underfull \hbox (badness 3735) in paragraph at lines 25--29
\T1/lmtt/m/n/12 lesroles-[]dans-[]scrum / lequipe-[]de-[]developpement$[]\T1/lmr/m/n/12 .  Consult le 15 f-vrier
 []


Underfull \hbox (badness 10000) in paragraph at lines 31--35
[] []\T1/lmr/m/n/12 Framework.  []$\T1/lmtt/m/n/12 https : / / mobiskill . fr / blog / conseils-[]emploi-[]tech /
 []


Underfull \hbox (badness 4454) in paragraph at lines 31--35
\T1/lmtt/m/n/12 les-[]meilleurs-[]frameworks-[]front-[]end-[]a-[]utiliser-[]en-[]2021/$[]\T1/lmr/m/n/12 .  Consult le
 []


Underfull \hbox (badness 10000) in paragraph at lines 37--41
[] []\T1/lmr/m/n/12 Product ow-ner.  []$\T1/lmtt/m/n/12 https : / / www . blogdumoderateur . com /
 []


Underfull \hbox (badness 2653) in paragraph at lines 37--41
\T1/lmtt/m/n/12 rolescrum-[]master-[]product-[]owner-[]equipe-[]developpement.$[]  \T1/lmr/m/n/12 Consult le 15
 []


Underfull \hbox (badness 1400) in paragraph at lines 54--57
[] []\T1/lmr/m/n/12 Site of-fi-ciel de la so-cit g-n-rale.  []$\T1/lmtt/m/n/12 https : / / www . societegenerale . com / fr /
 []


Underfull \hbox (badness 7116) in paragraph at lines 59--64
[] []\T1/lmr/m/n/12 Site of-fi-ciel de la so-cit g-n-rale afri-can bu-si-ness ser-vices.  []$\T1/lmtt/m/n/12 https :
 []


Underfull \hbox (badness 10000) in paragraph at lines 59--64
\T1/lmtt/m/n/12 / / societegenerale . africa / fr / societe-[]generale-[]afrique / actualites /
 []

) [78

] (main.aux)

LaTeX Warning: There were undefined references.

Package rerunfilecheck Info: File `main.out' has not changed.
(rerunfilecheck)             Checksum: 6C8B59CD5A14B488A09E547C20BFDC3D;12856.
 ) 
Here is how much of TeX's memory you used:
 37684 strings out of 476331
 751719 string characters out of 5789181
 1867660 words of memory out of 5000000
 57069 multiletter control sequences out of 15000+600000
 580671 words of font info for 72 fonts, out of 8000000 for 9000
 1141 hyphenation exceptions out of 8191
 99i,9n,94p,1130b,761s stack positions out of 10000i,1000n,20000p,200000b,200000s
<C:/Users/hp/AppData/Local/Programs/MiKTeX/fonts/type1/public/lm/lmbx12.pfb><C:/Users/hp/AppData/Local/Programs/MiKTeX/fonts/type1/public/lm/lmbxi10.pfb><C:/Users/hp/AppData/Local/Programs/MiKTeX/fonts/type1/public/lm/lmcsc10.pfb><C:/Users/hp/AppData/Local/Programs/MiKTeX/fonts/type1/public/lm/lmmi12.pfb><C:/Users/hp/AppData/Local/Programs/MiKTeX/fonts/type1/public/lm/lmr10.pfb><C:/Users/hp/AppData/Local/Programs/MiKTeX/fonts/type1/public/lm/lmr12.pfb><C:/Users/hp/AppData/Local/Programs/MiKTeX/fonts/type1/public/lm/lmr17.pfb><C:/Users/hp/AppData/Local/Programs/MiKTeX/fonts/type1/public/lm/lmri12.pfb><C:/Users/hp/AppData/Local/Programs/MiKTeX/fonts/type1/public/lm/lmss17.pfb><C:/Users/hp/AppData/Local/Programs/MiKTeX/fonts/type1/public/lm/lmsy10.pfb><C:/Users/hp/AppData/Local/Programs/MiKTeX/fonts/type1/public/lm/lmtt12.pfb>
Output written on main.pdf (89 pages, 8580639 bytes).
PDF statistics:
 1187 PDF objects out of 1200 (max. 8388607)
 248 named destinations out of 1000 (max. 500000)
 1056 words of extra memory for PDF output out of 10000 (max. 10000000)

